#
# A fatal error has been detected by the Java Runtime Environment:
#
#  SIGSEGV (0xb) at pc=0x000073d13a2bf5fb, pid=60138, tid=60181
#
# JRE version: Java(TM) SE Runtime Environment (17.0.11+7) (build 17.0.11+7-LTS-207)
# Java VM: Java HotSpot(TM) 64-Bit Server VM (17.0.11+7-LTS-207, mixed mode, sharing, tiered, compressed oops, compressed class ptrs, g1 gc, linux-amd64)
# Problematic frame:
# C  0x000073d0c813bf78
#
# Core dump will be written. Default location: Core dumps may be processed with "/usr/share/apport/apport -p%p -s%s -c%c -d%d -P%P -u%u -g%g -- %E" (or dumping to /home/eduardo/TCC/core.60138)
#
# If you would like to submit a bug report, please visit:
#   https://bugreport.java.com/bugreport/crash.jsp
#

---------------  S U M M A R Y ------------

Command Line: /home/eduardo/TCC/RoboViz/bin/RoboViz.jar --serverPort=4200

Host: AMD Ryzen 7 5700X 8-Core Processor, 16 cores, 31G, Ubuntu 22.04.4 LTS
Time: Tue Jul 23 20:45:14 2024 -03 elapsed time: 81.301781 seconds (0d 0h 1m 21s)

---------------  T H R E A D  ---------------

Current thread is native thread

Stack: [0x000073d139d00000,0x000073d139e00000],  sp=0x000073d139dfed28,  free space=1019k
Native frames: (J=compiled Java code, j=interpreted, Vv=VM code, C=native code)
C  0x000073d0c813bf78


siginfo: si_signo: 11 (SIGSEGV), si_code: 1 (SEGV_MAPERR), si_addr: 0x000073d13a2bf5fb

Registers:
RAX=0x0000000000000000, RBX=0x000073d0c8143a50, RCX=0x0000000000000000, RDX=0x0000000000000000
RSP=0x000073d139dfed20, RBP=0x000073d0c813bd68, RSI=0x0000000000000081, RDI=0x000073d1c93b0a48
R8 =0x000073d0c81b9c90, R9 =0x000073d0a8008480, R10=0x0000000000000000, R11=0x0000000000000246
R12=0x000073d0c813bf30, R13=0x000073d0c813bee0, R14=0x000073d0c813be80, R15=0x0000000000000000
RIP=0x000073d13a2bf5fb, EFLAGS=0x0000000000010206, CSGSFS=0x002b000000000033, ERR=0x0000000000000014
  TRAPNO=0x000000000000000e


Top of Stack: (sp=0x000073d139dfed20)
0x000073d139dfed20:   000073d0c813bf78 000073d13a235ada
0x000073d139dfed30:   000073d0c813bf78 000073d13a2359f2
0x000073d139dfed40:   000073d0c813bd68 000073d13a235aa7
0x000073d139dfed50:   000073d0c813be80 0000000000000000 

Instructions: (pc=0x000073d0c813bf78)
0x000073d0c813be78:   b5 0a 00 00 00 00 00 00 00 00 00 00 00 00 00 00
0x000073d0c813be88:   40 1d 2a 3a d1 73 00 00 50 1d 2a 3a d1 73 00 00
0x000073d0c813be98:   01 00 00 00 00 00 00 00 01 00 00 00 01 00 00 00
0x000073d0c813bea8:   02 00 00 00 01 00 00 00 00 00 00 00 00 00 00 00
0x000073d0c813beb8:   00 00 00 00 00 00 00 00 00 00 00 00 00 00 00 00
0x000073d0c813bec8:   c0 9e 0b c8 d0 73 00 00 ff ff ff ff 00 00 00 00
0x000073d0c813bed8:   00 00 00 00 00 00 00 00 00 00 00 00 01 00 00 00
0x000073d0c813bee8:   00 00 00 00 00 00 00 00 20 00 00 00 00 00 00 00
0x000073d0c813bef8:   00 00 00 00 00 00 00 00 00 00 00 00 00 00 00 00
0x000073d0c813bf08:   10 00 00 00 10 00 00 00 01 00 00 00 00 00 00 00
0x000073d0c813bf18:   18 e2 13 c8 d0 73 00 00 00 00 00 00 00 00 00 00
0x000073d0c813bf28:   00 00 00 00 00 00 00 00 02 00 00 00 03 00 00 00
0x000073d0c813bf38:   01 00 00 00 00 00 00 00 00 00 00 00 00 00 00 00
0x000073d0c813bf48:   40 f6 df 39 d1 73 00 00 00 00 00 00 00 00 00 00
0x000073d0c813bf58:   00 00 00 00 00 00 00 00 00 00 00 00 00 00 00 00
0x000073d0c813bf68:   00 00 00 00 00 00 00 00 00 00 00 00 00 00 00 00
0x000073d0c813bf78:   a0 93 52 3a d1 73 00 00 80 7d 94 b2 d0 73 00 00
0x000073d0c813bf88:   00 7d 94 b2 d0 73 00 00 a0 0b 94 b2 d0 73 00 00
0x000073d0c813bf98:   b0 0b 94 b2 d0 73 00 00 50 12 94 b2 d0 73 00 00
0x000073d0c813bfa8:   60 11 94 b2 d0 73 00 00 c0 0b 94 b2 d0 73 00 00
0x000073d0c813bfb8:   20 1f 94 b2 d0 73 00 00 50 1a 94 b2 d0 73 00 00
0x000073d0c813bfc8:   70 1b 94 b2 d0 73 00 00 f0 2b 94 b2 d0 73 00 00
0x000073d0c813bfd8:   50 2a 94 b2 d0 73 00 00 40 28 94 b2 d0 73 00 00
0x000073d0c813bfe8:   b0 66 94 b2 d0 73 00 00 d0 17 94 b2 d0 73 00 00
0x000073d0c813bff8:   b0 1a 94 b2 d0 73 00 00 40 12 94 b2 d0 73 00 00
0x000073d0c813c008:   50 23 94 b2 d0 73 00 00 30 12 94 b2 d0 73 00 00
0x000073d0c813c018:   20 12 94 b2 d0 73 00 00 10 12 94 b2 d0 73 00 00
0x000073d0c813c028:   00 12 94 b2 d0 73 00 00 80 11 94 b2 d0 73 00 00
0x000073d0c813c038:   00 10 94 b2 d0 73 00 00 40 0f 94 b2 d0 73 00 00
0x000073d0c813c048:   b0 0e 94 b2 d0 73 00 00 d0 10 94 b2 d0 73 00 00
0x000073d0c813c058:   b0 10 94 b2 d0 73 00 00 80 0d 94 b2 d0 73 00 00
0x000073d0c813c068:   e0 0b 94 b2 d0 73 00 00 40 0d 94 b2 d0 73 00 00 



---------------  P R O C E S S  ---------------

VM state: at safepoint (shutting down)

VM Mutex/Monitor currently owned by a thread:  ([mutex/lock_event])
[0x000073d1c00210e0] Threads_lock - owner thread: 0x000073d1c015f400
[0x000073d1c0021890] Heap_lock - owner thread: 0x000073d1c070fc30

Heap address: 0x000000060c000000, size: 8000 MB, Compressed Oops mode: Zero based, Oop shift amount: 3

CDS archive(s) mapped at: [0x000073d13b000000-0x000073d13bbee000-0x000073d13bbee000), size 12509184, SharedBaseAddress: 0x000073d13b000000, ArchiveRelocationMode: 1.
Compressed class space mapped at: 0x000073d13c000000-0x000073d17c000000, reserved size: 1073741824
Narrow klass base: 0x000073d13b000000, Narrow klass shift: 0, Narrow klass range: 0x100000000

GC Precious Log:
<Skipped>

Heap:
 garbage-first heap   total 290816K, used 146786K [0x000000060c000000, 0x0000000800000000)
  region size 4096K, 34 young (139264K), 3 survivors (12288K)
 Metaspace       used 31893K, committed 32128K, reserved 1114112K
  class space    used 3249K, committed 3392K, reserved 1048576K

Heap Regions: E=young(eden), S=young(survivor), O=old, HS=humongous(starts), HC=humongous(continues), CS=collection set, F=free, OA=open archive, CA=closed archive, TAMS=top-at-mark-start (previous, next)
|   0|0x000000060c000000, 0x000000060c39ea00, 0x000000060c400000| 90%| O|  |TAMS 0x000000060c39ea00, 0x000000060c39ea00| Untracked 
|   1|0x000000060c400000, 0x000000060c400000, 0x000000060c800000|  0%| F|  |TAMS 0x000000060c400000, 0x000000060c400000| Untracked 
|   2|0x000000060c800000, 0x000000060c800000, 0x000000060cc00000|  0%| F|  |TAMS 0x000000060c800000, 0x000000060c800000| Untracked 
|   3|0x000000060cc00000, 0x000000060cc00000, 0x000000060d000000|  0%| F|  |TAMS 0x000000060cc00000, 0x000000060cc00000| Untracked 
|   4|0x000000060d000000, 0x000000060d000000, 0x000000060d400000|  0%| F|  |TAMS 0x000000060d000000, 0x000000060d000000| Untracked 
|   5|0x000000060d400000, 0x000000060d7ffff8, 0x000000060d800000| 99%| O|  |TAMS 0x000000060d400000, 0x000000060d7ffff8| Untracked 
|   6|0x000000060d800000, 0x000000060da78400, 0x000000060dc00000| 61%| O|  |TAMS 0x000000060d800000, 0x000000060da78400| Untracked 
|   7|0x000000060dc00000, 0x000000060dc00000, 0x000000060e000000|  0%| F|  |TAMS 0x000000060dc00000, 0x000000060dc00000| Untracked 
|   8|0x000000060e000000, 0x000000060e000000, 0x000000060e400000|  0%| F|  |TAMS 0x000000060e000000, 0x000000060e000000| Untracked 
|   9|0x000000060e400000, 0x000000060e400000, 0x000000060e800000|  0%| F|  |TAMS 0x000000060e400000, 0x000000060e400000| Untracked 
|  10|0x000000060e800000, 0x000000060e800000, 0x000000060ec00000|  0%| F|  |TAMS 0x000000060e800000, 0x000000060e800000| Untracked 
|  11|0x000000060ec00000, 0x000000060ec00000, 0x000000060f000000|  0%| F|  |TAMS 0x000000060ec00000, 0x000000060ec00000| Untracked 
|  12|0x000000060f000000, 0x000000060f000000, 0x000000060f400000|  0%| F|  |TAMS 0x000000060f000000, 0x000000060f000000| Untracked 
|  13|0x000000060f400000, 0x000000060f400000, 0x000000060f800000|  0%| F|  |TAMS 0x000000060f400000, 0x000000060f400000| Untracked 
|  14|0x000000060f800000, 0x000000060f800000, 0x000000060fc00000|  0%| F|  |TAMS 0x000000060f800000, 0x000000060f800000| Untracked 
|  15|0x000000060fc00000, 0x000000060fc00000, 0x0000000610000000|  0%| F|  |TAMS 0x000000060fc00000, 0x000000060fc00000| Untracked 
|  16|0x0000000610000000, 0x0000000610000000, 0x0000000610400000|  0%| F|  |TAMS 0x0000000610000000, 0x0000000610000000| Untracked 
|  17|0x0000000610400000, 0x0000000610400000, 0x0000000610800000|  0%| F|  |TAMS 0x0000000610400000, 0x0000000610400000| Untracked 
|  18|0x0000000610800000, 0x0000000610800000, 0x0000000610c00000|  0%| F|  |TAMS 0x0000000610800000, 0x0000000610800000| Untracked 
|  19|0x0000000610c00000, 0x0000000610c00000, 0x0000000611000000|  0%| F|  |TAMS 0x0000000610c00000, 0x0000000610c00000| Untracked 
|  20|0x0000000611000000, 0x0000000611000000, 0x0000000611400000|  0%| F|  |TAMS 0x0000000611000000, 0x0000000611000000| Untracked 
|  21|0x0000000611400000, 0x0000000611400000, 0x0000000611800000|  0%| F|  |TAMS 0x0000000611400000, 0x0000000611400000| Untracked 
|  22|0x0000000611800000, 0x0000000611800000, 0x0000000611c00000|  0%| F|  |TAMS 0x0000000611800000, 0x0000000611800000| Untracked 
|  23|0x0000000611c00000, 0x0000000611c00000, 0x0000000612000000|  0%| F|  |TAMS 0x0000000611c00000, 0x0000000611c00000| Untracked 
|  24|0x0000000612000000, 0x0000000612146dd0, 0x0000000612400000| 31%| S|CS|TAMS 0x0000000612000000, 0x0000000612000000| Complete 
|  25|0x0000000612400000, 0x0000000612400000, 0x0000000612800000|  0%| F|  |TAMS 0x0000000612400000, 0x0000000612400000| Untracked 
|  26|0x0000000612800000, 0x0000000612c00000, 0x0000000612c00000|100%| S|CS|TAMS 0x0000000612800000, 0x0000000612800000| Complete 
|  27|0x0000000612c00000, 0x0000000613000000, 0x0000000613000000|100%| S|CS|TAMS 0x0000000612c00000, 0x0000000612c00000| Complete 
|  28|0x0000000613000000, 0x0000000613000000, 0x0000000613400000|  0%| F|  |TAMS 0x0000000613000000, 0x0000000613000000| Untracked 
|  29|0x0000000613400000, 0x0000000613400000, 0x0000000613800000|  0%| F|  |TAMS 0x0000000613400000, 0x0000000613400000| Untracked 
|  30|0x0000000613800000, 0x0000000613800000, 0x0000000613c00000|  0%| F|  |TAMS 0x0000000613800000, 0x0000000613800000| Untracked 
|  31|0x0000000613c00000, 0x0000000613c00000, 0x0000000614000000|  0%| F|  |TAMS 0x0000000613c00000, 0x0000000613c00000| Untracked 
|  32|0x0000000614000000, 0x0000000614000000, 0x0000000614400000|  0%| F|  |TAMS 0x0000000614000000, 0x0000000614000000| Untracked 
|  33|0x0000000614400000, 0x0000000614400000, 0x0000000614800000|  0%| F|  |TAMS 0x0000000614400000, 0x0000000614400000| Untracked 
|  34|0x0000000614800000, 0x0000000614800000, 0x0000000614c00000|  0%| F|  |TAMS 0x0000000614800000, 0x0000000614800000| Untracked 
|  35|0x0000000614c00000, 0x0000000614c00000, 0x0000000615000000|  0%| F|  |TAMS 0x0000000614c00000, 0x0000000614c00000| Untracked 
|  36|0x0000000615000000, 0x0000000615000000, 0x0000000615400000|  0%| F|  |TAMS 0x0000000615000000, 0x0000000615000000| Untracked 
|  37|0x0000000615400000, 0x0000000615400000, 0x0000000615800000|  0%| F|  |TAMS 0x0000000615400000, 0x0000000615400000| Untracked 
|  38|0x0000000615800000, 0x0000000615c00000, 0x0000000615c00000|100%| E|  |TAMS 0x0000000615800000, 0x0000000615800000| Complete 
|  39|0x0000000615c00000, 0x0000000616000000, 0x0000000616000000|100%| E|CS|TAMS 0x0000000615c00000, 0x0000000615c00000| Complete 
|  40|0x0000000616000000, 0x0000000616400000, 0x0000000616400000|100%| E|CS|TAMS 0x0000000616000000, 0x0000000616000000| Complete 
|  41|0x0000000616400000, 0x0000000616800000, 0x0000000616800000|100%| E|CS|TAMS 0x0000000616400000, 0x0000000616400000| Complete 
|  42|0x0000000616800000, 0x0000000616c00000, 0x0000000616c00000|100%| E|CS|TAMS 0x0000000616800000, 0x0000000616800000| Complete 
|  43|0x0000000616c00000, 0x0000000617000000, 0x0000000617000000|100%| E|CS|TAMS 0x0000000616c00000, 0x0000000616c00000| Complete 
|  44|0x0000000617000000, 0x0000000617400000, 0x0000000617400000|100%| E|CS|TAMS 0x0000000617000000, 0x0000000617000000| Complete 
|  45|0x0000000617400000, 0x0000000617800000, 0x0000000617800000|100%| E|CS|TAMS 0x0000000617400000, 0x0000000617400000| Complete 
|  46|0x0000000617800000, 0x0000000617c00000, 0x0000000617c00000|100%| E|CS|TAMS 0x0000000617800000, 0x0000000617800000| Complete 
|  47|0x0000000617c00000, 0x0000000618000000, 0x0000000618000000|100%| E|CS|TAMS 0x0000000617c00000, 0x0000000617c00000| Complete 
|  48|0x0000000618000000, 0x0000000618400000, 0x0000000618400000|100%| E|CS|TAMS 0x0000000618000000, 0x0000000618000000| Complete 
|  49|0x0000000618400000, 0x0000000618800000, 0x0000000618800000|100%| E|CS|TAMS 0x0000000618400000, 0x0000000618400000| Complete 
|  50|0x0000000618800000, 0x0000000618c00000, 0x0000000618c00000|100%| E|CS|TAMS 0x0000000618800000, 0x0000000618800000| Complete 
|  51|0x0000000618c00000, 0x0000000619000000, 0x0000000619000000|100%| E|CS|TAMS 0x0000000618c00000, 0x0000000618c00000| Complete 
|  52|0x0000000619000000, 0x0000000619400000, 0x0000000619400000|100%| E|CS|TAMS 0x0000000619000000, 0x0000000619000000| Complete 
|  53|0x0000000619400000, 0x0000000619800000, 0x0000000619800000|100%| E|CS|TAMS 0x0000000619400000, 0x0000000619400000| Complete 
|  54|0x0000000619800000, 0x0000000619c00000, 0x0000000619c00000|100%| E|CS|TAMS 0x0000000619800000, 0x0000000619800000| Complete 
|  55|0x0000000619c00000, 0x000000061a000000, 0x000000061a000000|100%| E|CS|TAMS 0x0000000619c00000, 0x0000000619c00000| Complete 
|  56|0x000000061a000000, 0x000000061a400000, 0x000000061a400000|100%| E|CS|TAMS 0x000000061a000000, 0x000000061a000000| Complete 
|  57|0x000000061a400000, 0x000000061a800000, 0x000000061a800000|100%| E|CS|TAMS 0x000000061a400000, 0x000000061a400000| Complete 
|  58|0x000000061a800000, 0x000000061ac00000, 0x000000061ac00000|100%| E|CS|TAMS 0x000000061a800000, 0x000000061a800000| Complete 
|  59|0x000000061ac00000, 0x000000061b000000, 0x000000061b000000|100%| E|CS|TAMS 0x000000061ac00000, 0x000000061ac00000| Complete 
|  60|0x000000061b000000, 0x000000061b400000, 0x000000061b400000|100%| E|CS|TAMS 0x000000061b000000, 0x000000061b000000| Complete 
|  61|0x000000061b400000, 0x000000061b800000, 0x000000061b800000|100%| E|CS|TAMS 0x000000061b400000, 0x000000061b400000| Complete 
|  62|0x000000061b800000, 0x000000061bc00000, 0x000000061bc00000|100%| E|CS|TAMS 0x000000061b800000, 0x000000061b800000| Complete 
|  63|0x000000061bc00000, 0x000000061c000000, 0x000000061c000000|100%| E|CS|TAMS 0x000000061bc00000, 0x000000061bc00000| Complete 
|  64|0x000000061c000000, 0x000000061c400000, 0x000000061c400000|100%| E|CS|TAMS 0x000000061c000000, 0x000000061c000000| Complete 
|  65|0x000000061c400000, 0x000000061c800000, 0x000000061c800000|100%| E|CS|TAMS 0x000000061c400000, 0x000000061c400000| Complete 
|  66|0x000000061c800000, 0x000000061cc00000, 0x000000061cc00000|100%| E|CS|TAMS 0x000000061c800000, 0x000000061c800000| Complete 
| 123|0x000000062ac00000, 0x000000062b000000, 0x000000062b000000|100%| E|CS|TAMS 0x000000062ac00000, 0x000000062ac00000| Complete 
| 124|0x000000062b000000, 0x000000062b400000, 0x000000062b400000|100%| E|CS|TAMS 0x000000062b000000, 0x000000062b000000| Complete 
|1998|0x00000007ff800000, 0x00000007ffb77000, 0x00000007ffc00000| 86%|OA|  |TAMS 0x00000007ffb77000, 0x00000007ffb77000| Untracked 
|1999|0x00000007ffc00000, 0x00000007ffc84000, 0x0000000800000000| 12%|CA|  |TAMS 0x00000007ffc84000, 0x00000007ffc84000| Untracked 

Card table byte_map: [0x000073d1c4ce1000,0x000073d1c5c81000] _byte_map_base: 0x000073d1c1c81000

Marking Bits (Prev, Next): (CMBitMap*) 0x000073d1c0053d50, (CMBitMap*) 0x000073d1c0053d10
 Prev Bits: [0x000073d198c60000, 0x000073d1a0960000)
 Next Bits: [0x000073d1a0960000, 0x000073d1a8660000)

Polling page: 0x000073d1c9353000

Metaspace:

Usage:
  Non-class:     27.97 MB used.
      Class:      3.17 MB used.
       Both:     31.15 MB used.

Virtual space:
  Non-class space:       64.00 MB reserved,      28.06 MB ( 44%) committed,  1 nodes.
      Class space:        1.00 GB reserved,       3.31 MB ( <1%) committed,  1 nodes.
             Both:        1.06 GB reserved,      31.38 MB (  3%) committed. 

Chunk freelists:
   Non-Class:  3.75 MB
       Class:  12.60 MB
        Both:  16.35 MB

MaxMetaspaceSize: unlimited
CompressedClassSpaceSize: 1.00 GB
Initial GC threshold: 21.00 MB
Current GC threshold: 35.31 MB
CDS: on
MetaspaceReclaimPolicy: balanced
 - commit_granule_bytes: 65536.
 - commit_granule_words: 8192.
 - virtual_space_node_default_size: 8388608.
 - enlarge_chunks_in_place: 1.
 - new_chunks_are_fully_committed: 0.
 - uncommit_free_chunks: 1.
 - use_allocation_guard: 0.
 - handle_deallocations: 1.


Internal statistics:

num_allocs_failed_limit: 3.
num_arena_births: 302.
num_arena_deaths: 0.
num_vsnodes_births: 2.
num_vsnodes_deaths: 0.
num_space_committed: 498.
num_space_uncommitted: 0.
num_chunks_returned_to_freelist: 3.
num_chunks_taken_from_freelist: 943.
num_chunk_merges: 3.
num_chunk_splits: 643.
num_chunks_enlarged: 461.
num_inconsistent_stats: 0.

CodeHeap 'non-profiled nmethods': size=119168Kb used=3079Kb max_used=3079Kb free=116088Kb
 bounds [0x000073d1b11a0000, 0x000073d1b14b0000, 0x000073d1b8600000]
CodeHeap 'profiled nmethods': size=119164Kb used=10003Kb max_used=10003Kb free=109160Kb
 bounds [0x000073d1a9600000, 0x000073d1a9fd0000, 0x000073d1b0a5f000]
CodeHeap 'non-nmethods': size=7428Kb used=1731Kb max_used=2896Kb free=5696Kb
 bounds [0x000073d1b0a5f000, 0x000073d1b0d3f000, 0x000073d1b11a0000]
 total_blobs=6189 nmethods=4994 adapters=1108
 compilation: enabled
              stopped_count=0, restarted_count=0
 full_count=0

Compilation events (20 events):
Event: 80.655 Thread 0x000073d1c016f400 nmethod 4987 0x000073d1a9fc0310 code [0x000073d1a9fc04c0, 0x000073d1a9fc06a0]
Event: 80.655 Thread 0x000073d1c016f400 4988       3       rv.effects.VSMPhongShader::setShadowMap (27 bytes)
Event: 80.655 Thread 0x000073d1c016f400 nmethod 4988 0x000073d1a9fc0810 code [0x000073d1a9fc0a00, 0x000073d1a9fc0da0]
Event: 81.182 Thread 0x000073d1c016f400 4989       1       rv.world.objects.Agent::getID (5 bytes)
Event: 81.182 Thread 0x000073d1c016f400 nmethod 4989 0x000073d1b14a1990 code [0x000073d1b14a1b20, 0x000073d1b14a1bf0]
Event: 81.214 Thread 0x000073d1c016dec0 4990       4       rv.ui.screens.ViewerScreenBase::renderAgentOverheads (195 bytes)
Event: 81.268 Thread 0x000073d1c016f400 4991       3       java.lang.invoke.Invokers::maybeCustomize (5 bytes)
Event: 81.268 Thread 0x000073d1c016f400 nmethod 4991 0x000073d1a9fc0f90 code [0x000073d1a9fc1140, 0x000073d1a9fc12e0]
Event: 81.268 Thread 0x000073d1c016f400 4992       3       java.lang.invoke.MethodHandle::maybeCustomize (38 bytes)
Event: 81.269 Thread 0x000073d1c016f400 nmethod 4992 0x000073d1a9fc1390 code [0x000073d1a9fc1560, 0x000073d1a9fc1a40]
Event: 81.275 Thread 0x000073d1c016f400 4994       1       javax.management.ObjectName$Property::setKeyIndex (6 bytes)
Event: 81.275 Thread 0x000073d1c016f400 nmethod 4994 0x000073d1b14a1c90 code [0x000073d1b14a1e20, 0x000073d1b14a1ef0]
Event: 81.275 Thread 0x000073d1c016f400 4995       3       java.util.logging.LogManager$LogNode::<init> (15 bytes)
Event: 81.275 Thread 0x000073d1c016f400 nmethod 4995 0x000073d1a9fc1b90 code [0x000073d1a9fc1d40, 0x000073d1a9fc1f70]
Event: 81.276 Thread 0x000073d1c016f400 4996       3       java.util.logging.LogManager::checkPermission (16 bytes)
Event: 81.276 Thread 0x000073d1c016f400 nmethod 4996 0x000073d1a9fc2010 code [0x000073d1a9fc21e0, 0x000073d1a9fc24e0]
Event: 81.276 Thread 0x000073d1c016f400 4997       3       java.util.logging.Logger::updateEffectiveLevel (126 bytes)
Event: 81.277 Thread 0x000073d1c016f400 nmethod 4997 0x000073d1a9fc2610 code [0x000073d1a9fc2860, 0x000073d1a9fc3320]
Event: 81.277 Thread 0x000073d1c016f400 4998   !   3       java.util.logging.LogManager$LoggerContext::findLogger (113 bytes)
Event: 81.277 Thread 0x000073d1c016f400 nmethod 4998 0x000073d1a9fc3690 code [0x000073d1a9fc3940, 0x000073d1a9fc4880]

GC Heap History (20 events):
Event: 1.301 GC heap before
{Heap before GC invocations=7 (full 0):
 garbage-first heap   total 69632K, used 44253K [0x000000060c000000, 0x0000000800000000)
  region size 4096K, 6 young (24576K), 1 survivors (4096K)
 Metaspace       used 29384K, committed 29696K, reserved 1114112K
  class space    used 3116K, committed 3264K, reserved 1048576K
}
Event: 1.302 GC heap after
{Heap after GC invocations=8 (full 0):
 garbage-first heap   total 69632K, used 23740K [0x000000060c000000, 0x0000000800000000)
  region size 4096K, 1 young (4096K), 1 survivors (4096K)
 Metaspace       used 29384K, committed 29696K, reserved 1114112K
  class space    used 3116K, committed 3264K, reserved 1048576K
}
Event: 1.311 GC heap before
{Heap before GC invocations=8 (full 0):
 garbage-first heap   total 69632K, used 23740K [0x000000060c000000, 0x0000000800000000)
  region size 4096K, 2 young (8192K), 1 survivors (4096K)
 Metaspace       used 29384K, committed 29696K, reserved 1114112K
  class space    used 3116K, committed 3264K, reserved 1048576K
}
Event: 1.312 GC heap after
{Heap after GC invocations=9 (full 0):
 garbage-first heap   total 69632K, used 15521K [0x000000060c000000, 0x0000000800000000)
  region size 4096K, 1 young (4096K), 1 survivors (4096K)
 Metaspace       used 29384K, committed 29696K, reserved 1114112K
  class space    used 3116K, committed 3264K, reserved 1048576K
}
Event: 1.385 GC heap before
{Heap before GC invocations=9 (full 0):
 garbage-first heap   total 69632K, used 48289K [0x000000060c000000, 0x0000000800000000)
  region size 4096K, 8 young (32768K), 1 survivors (4096K)
 Metaspace       used 29384K, committed 29696K, reserved 1114112K
  class space    used 3116K, committed 3264K, reserved 1048576K
}
Event: 1.386 GC heap after
{Heap after GC invocations=10 (full 0):
 garbage-first heap   total 69632K, used 19586K [0x000000060c000000, 0x0000000800000000)
  region size 4096K, 1 young (4096K), 1 survivors (4096K)
 Metaspace       used 29384K, committed 29696K, reserved 1114112K
  class space    used 3116K, committed 3264K, reserved 1048576K
}
Event: 1.420 GC heap before
{Heap before GC invocations=10 (full 0):
 garbage-first heap   total 69632K, used 48258K [0x000000060c000000, 0x0000000800000000)
  region size 4096K, 7 young (28672K), 1 survivors (4096K)
 Metaspace       used 29489K, committed 29760K, reserved 1114112K
  class space    used 3127K, committed 3264K, reserved 1048576K
}
Event: 1.421 GC heap after
{Heap after GC invocations=11 (full 0):
 garbage-first heap   total 69632K, used 19583K [0x000000060c000000, 0x0000000800000000)
  region size 4096K, 1 young (4096K), 1 survivors (4096K)
 Metaspace       used 29489K, committed 29760K, reserved 1114112K
  class space    used 3127K, committed 3264K, reserved 1048576K
}
Event: 1.454 GC heap before
{Heap before GC invocations=11 (full 0):
 garbage-first heap   total 69632K, used 52351K [0x000000060c000000, 0x0000000800000000)
  region size 4096K, 8 young (32768K), 1 survivors (4096K)
 Metaspace       used 29489K, committed 29760K, reserved 1114112K
  class space    used 3127K, committed 3264K, reserved 1048576K
}
Event: 1.455 GC heap after
{Heap after GC invocations=12 (full 0):
 garbage-first heap   total 290816K, used 19602K [0x000000060c000000, 0x0000000800000000)
  region size 4096K, 1 young (4096K), 1 survivors (4096K)
 Metaspace       used 29489K, committed 29760K, reserved 1114112K
  class space    used 3127K, committed 3264K, reserved 1048576K
}
Event: 2.707 GC heap before
{Heap before GC invocations=12 (full 0):
 garbage-first heap   total 290816K, used 203922K [0x000000060c000000, 0x0000000800000000)
  region size 4096K, 42 young (172032K), 1 survivors (4096K)
 Metaspace       used 30730K, committed 31104K, reserved 1114112K
  class space    used 3218K, committed 3392K, reserved 1048576K
}
Event: 2.709 GC heap after
{Heap after GC invocations=13 (full 0):
 garbage-first heap   total 290816K, used 19088K [0x000000060c000000, 0x0000000800000000)
  region size 4096K, 2 young (8192K), 2 survivors (8192K)
 Metaspace       used 30730K, committed 31104K, reserved 1114112K
  class space    used 3218K, committed 3392K, reserved 1048576K
}
Event: 2.811 GC heap before
{Heap before GC invocations=13 (full 0):
 garbage-first heap   total 290816K, used 182928K [0x000000060c000000, 0x0000000800000000)
  region size 4096K, 42 young (172032K), 2 survivors (8192K)
 Metaspace       used 30800K, committed 31104K, reserved 1114112K
  class space    used 3219K, committed 3392K, reserved 1048576K
}
Event: 2.816 GC heap after
{Heap after GC invocations=14 (full 0):
 garbage-first heap   total 290816K, used 21610K [0x000000060c000000, 0x0000000800000000)
  region size 4096K, 2 young (8192K), 2 survivors (8192K)
 Metaspace       used 30800K, committed 31104K, reserved 1114112K
  class space    used 3219K, committed 3392K, reserved 1048576K
}
Event: 13.125 GC heap before
{Heap before GC invocations=14 (full 0):
 garbage-first heap   total 290816K, used 185450K [0x000000060c000000, 0x0000000800000000)
  region size 4096K, 42 young (172032K), 2 survivors (8192K)
 Metaspace       used 31757K, committed 32064K, reserved 1114112K
  class space    used 3242K, committed 3392K, reserved 1048576K
}
Event: 13.127 GC heap after
{Heap after GC invocations=15 (full 0):
 garbage-first heap   total 290816K, used 23337K [0x000000060c000000, 0x0000000800000000)
  region size 4096K, 3 young (12288K), 3 survivors (12288K)
 Metaspace       used 31757K, committed 32064K, reserved 1114112K
  class space    used 3242K, committed 3392K, reserved 1048576K
}
Event: 38.725 GC heap before
{Heap before GC invocations=15 (full 0):
 garbage-first heap   total 290816K, used 183081K [0x000000060c000000, 0x0000000800000000)
  region size 4096K, 42 young (172032K), 3 survivors (12288K)
 Metaspace       used 31807K, committed 32128K, reserved 1114112K
  class space    used 3242K, committed 3392K, reserved 1048576K
}
Event: 38.726 GC heap after
{Heap after GC invocations=16 (full 0):
 garbage-first heap   total 290816K, used 23581K [0x000000060c000000, 0x0000000800000000)
  region size 4096K, 3 young (12288K), 3 survivors (12288K)
 Metaspace       used 31807K, committed 32128K, reserved 1114112K
  class space    used 3242K, committed 3392K, reserved 1048576K
}
Event: 62.718 GC heap before
{Heap before GC invocations=16 (full 0):
 garbage-first heap   total 290816K, used 183325K [0x000000060c000000, 0x0000000800000000)
  region size 4096K, 42 young (172032K), 3 survivors (12288K)
 Metaspace       used 31831K, committed 32128K, reserved 1114112K
  class space    used 3242K, committed 3392K, reserved 1048576K
}
Event: 62.719 GC heap after
{Heap after GC invocations=17 (full 0):
 garbage-first heap   total 290816K, used 23906K [0x000000060c000000, 0x0000000800000000)
  region size 4096K, 3 young (12288K), 3 survivors (12288K)
 Metaspace       used 31831K, committed 32128K, reserved 1114112K
  class space    used 3242K, committed 3392K, reserved 1048576K
}

Deoptimization events (20 events):
Event: 81.275 Thread 0x000073d0c8126640 Uncommon trap: trap_request=0xffffffde fr.pc=0x000073d1b141ad08 relative=0x0000000000000068
Event: 81.275 Thread 0x000073d0c8126640 Uncommon trap: reason=class_check action=maybe_recompile pc=0x000073d1b141ad08 method=jogamp.opengl.GLDrawableImpl.getHandle()J @ 4 c2
Event: 81.275 Thread 0x000073d0c8126640 DEOPT PACKING pc=0x000073d1b141ad08 sp=0x000073d13a9fe550
Event: 81.275 Thread 0x000073d0c8126640 DEOPT UNPACKING pc=0x000073d1b0ab1099 sp=0x000073d13a9fe498 mode 2
Event: 81.275 Thread 0x000073d0c8126640 Uncommon trap: trap_request=0xffffffde fr.pc=0x000073d1b141ad08 relative=0x0000000000000068
Event: 81.275 Thread 0x000073d0c8126640 Uncommon trap: reason=class_check action=maybe_recompile pc=0x000073d1b141ad08 method=jogamp.opengl.GLDrawableImpl.getHandle()J @ 4 c2
Event: 81.275 Thread 0x000073d0c8126640 DEOPT PACKING pc=0x000073d1b141ad08 sp=0x000073d13a9fe330
Event: 81.275 Thread 0x000073d0c8126640 DEOPT UNPACKING pc=0x000073d1b0ab1099 sp=0x000073d13a9fe278 mode 2
Event: 81.275 Thread 0x000073d0c8126640 Uncommon trap: trap_request=0xffffffde fr.pc=0x000073d1b141ad08 relative=0x0000000000000068
Event: 81.275 Thread 0x000073d0c8126640 Uncommon trap: reason=class_check action=maybe_recompile pc=0x000073d1b141ad08 method=jogamp.opengl.GLDrawableImpl.getHandle()J @ 4 c2
Event: 81.275 Thread 0x000073d0c8126640 DEOPT PACKING pc=0x000073d1b141ad08 sp=0x000073d13a9fe330
Event: 81.275 Thread 0x000073d0c8126640 DEOPT UNPACKING pc=0x000073d1b0ab1099 sp=0x000073d13a9fe278 mode 2
Event: 81.279 Thread 0x000073d0c8126640 Uncommon trap: trap_request=0xffffffde fr.pc=0x000073d1b141ad08 relative=0x0000000000000068
Event: 81.279 Thread 0x000073d0c8126640 Uncommon trap: reason=class_check action=maybe_recompile pc=0x000073d1b141ad08 method=jogamp.opengl.GLDrawableImpl.getHandle()J @ 4 c2
Event: 81.279 Thread 0x000073d0c8126640 DEOPT PACKING pc=0x000073d1b141ad08 sp=0x000073d13a9fe550
Event: 81.279 Thread 0x000073d0c8126640 DEOPT UNPACKING pc=0x000073d1b0ab1099 sp=0x000073d13a9fe498 mode 2
Event: 81.284 Thread 0x000073d0893ec120 Uncommon trap: trap_request=0xffffffc6 fr.pc=0x000073d1b1442538 relative=0x0000000000000438
Event: 81.284 Thread 0x000073d0893ec120 Uncommon trap: reason=bimorphic_or_optimized_type_check action=maybe_recompile pc=0x000073d1b1442538 method=jdk.internal.reflect.DelegatingMethodAccessorImpl.invoke(Ljava/lang/Object;[Ljava/lang/Object;)Ljava/lang/Object; @ 6 c2
Event: 81.284 Thread 0x000073d0893ec120 DEOPT PACKING pc=0x000073d1b1442538 sp=0x000073d0adbe2650
Event: 81.284 Thread 0x000073d0893ec120 DEOPT UNPACKING pc=0x000073d1b0ab1099 sp=0x000073d0adbe25f8 mode 2

Classes unloaded (0 events):
No events

Classes redefined (0 events):
No events

Internal exceptions (20 events):
Event: 0.616 Thread 0x000073d1c070fc30 Exception <a 'java/lang/IncompatibleClassChangeError'{0x000000062b0942f8}: Found class java.lang.Object, but interface was expected> (0x000000062b0942f8) 
thrown [open/src/hotspot/share/interpreter/linkResolver.cpp, line 826]
Event: 0.830 Thread 0x000073d1c070fc30 Exception <a 'java/lang/NoSuchMethodError'{0x000000060f2bfd20}: 'void java.lang.invoke.DirectMethodHandle$Holder.invokeStaticInit(java.lang.Object)'> (0x000000060f2bfd20) 
thrown [open/src/hotspot/share/interpreter/linkResolver.cpp, line 758]
Event: 0.844 Thread 0x000073d1c070fc30 Exception <a 'java/lang/reflect/InvocationTargetException'{0x000000060ea6b748}> (0x000000060ea6b748) 
thrown [open/src/hotspot/share/runtime/reflection.cpp, line 1119]
Event: 0.847 Thread 0x000073d1c070fc30 Exception <a 'java/lang/reflect/InvocationTargetException'{0x000000060ea7b758}> (0x000000060ea7b758) 
thrown [open/src/hotspot/share/runtime/reflection.cpp, line 1119]
Event: 0.849 Thread 0x000073d1c070fc30 Exception <a 'java/lang/reflect/InvocationTargetException'{0x000000060ea94620}> (0x000000060ea94620) 
thrown [open/src/hotspot/share/runtime/reflection.cpp, line 1119]
Event: 0.850 Thread 0x000073d1c070fc30 Exception <a 'java/lang/reflect/InvocationTargetException'{0x000000060eaa4708}> (0x000000060eaa4708) 
thrown [open/src/hotspot/share/runtime/reflection.cpp, line 1119]
Event: 0.864 Thread 0x000073d1c070fc30 Exception <a 'java/lang/reflect/InvocationTargetException'{0x000000060eafc710}> (0x000000060eafc710) 
thrown [open/src/hotspot/share/runtime/reflection.cpp, line 1119]
Event: 0.864 Thread 0x000073d1c070fc30 Exception <a 'java/lang/reflect/InvocationTargetException'{0x000000060eafd520}> (0x000000060eafd520) 
thrown [open/src/hotspot/share/runtime/reflection.cpp, line 1119]
Event: 0.882 Thread 0x000073d1c070fc30 Exception <a 'java/lang/reflect/InvocationTargetException'{0x000000060ebcb720}> (0x000000060ebcb720) 
thrown [open/src/hotspot/share/runtime/reflection.cpp, line 1119]
Event: 1.634 Thread 0x000073d1c070fc30 Exception <a 'java/lang/reflect/InvocationTargetException'{0x0000000615ff4c98}> (0x0000000615ff4c98) 
thrown [open/src/hotspot/share/runtime/reflection.cpp, line 1119]
Event: 1.637 Thread 0x000073d1c070fc30 Exception <a 'java/lang/reflect/InvocationTargetException'{0x0000000615a30c90}> (0x0000000615a30c90) 
thrown [open/src/hotspot/share/runtime/reflection.cpp, line 1119]
Event: 1.638 Thread 0x000073d1c070fc30 Exception <a 'java/lang/reflect/InvocationTargetException'{0x0000000615a35288}> (0x0000000615a35288) 
thrown [open/src/hotspot/share/runtime/reflection.cpp, line 1119]
Event: 1.672 Thread 0x000073d1c070fc30 Exception <a 'java/lang/reflect/InvocationTargetException'{0x0000000615a3a448}> (0x0000000615a3a448) 
thrown [open/src/hotspot/share/runtime/reflection.cpp, line 1119]
Event: 1.674 Thread 0x000073d1c070fc30 Exception <a 'java/lang/reflect/InvocationTargetException'{0x0000000615a3ea58}> (0x0000000615a3ea58) 
thrown [open/src/hotspot/share/runtime/reflection.cpp, line 1119]
Event: 1.674 Thread 0x000073d1c070fc30 Exception <a 'java/lang/reflect/InvocationTargetException'{0x0000000615a3f1e8}> (0x0000000615a3f1e8) 
thrown [open/src/hotspot/share/runtime/reflection.cpp, line 1119]
Event: 1.675 Thread 0x000073d1c070fc30 Exception <a 'java/lang/reflect/InvocationTargetException'{0x0000000615a437b8}> (0x0000000615a437b8) 
thrown [open/src/hotspot/share/runtime/reflection.cpp, line 1119]
Event: 1.691 Thread 0x000073d1c070fc30 Exception <a 'java/lang/reflect/InvocationTargetException'{0x0000000615a44118}> (0x0000000615a44118) 
thrown [open/src/hotspot/share/runtime/reflection.cpp, line 1119]
Event: 1.693 Thread 0x000073d1c070fc30 Exception <a 'java/lang/reflect/InvocationTargetException'{0x0000000615a4acd8}> (0x0000000615a4acd8) 
thrown [open/src/hotspot/share/runtime/reflection.cpp, line 1119]
Event: 2.051 Thread 0x000073d08000ab50 Exception <a 'java/lang/NoSuchMethodError'{0x0000000615637a28}: 'java.lang.Object java.lang.invoke.DirectMethodHandle$Holder.invokeSpecial(java.lang.Object, java.lang.Object, java.lang.Object, int, java.lang.Object)'> (0x0000000615637a28) 
thrown [open/src/hotspot/share/interpreter/linkResolver.cpp, line 758]
Event: 80.314 Thread 0x000073d1c070fc30 Implicit null exception at 0x000073d1b140edd5 to 0x000073d1b1411f58

VM Operations (20 events):
Event: 47.727 Executing VM operation: Cleanup done
Event: 51.728 Executing VM operation: Cleanup
Event: 51.728 Executing VM operation: Cleanup done
Event: 52.728 Executing VM operation: Cleanup
Event: 52.728 Executing VM operation: Cleanup done
Event: 53.728 Executing VM operation: Cleanup
Event: 53.728 Executing VM operation: Cleanup done
Event: 54.728 Executing VM operation: Cleanup
Event: 54.728 Executing VM operation: Cleanup done
Event: 60.029 Executing VM operation: HandshakeAllThreads
Event: 60.029 Executing VM operation: HandshakeAllThreads done
Event: 62.717 Executing VM operation: G1CollectForAllocation
Event: 62.719 Executing VM operation: G1CollectForAllocation done
Event: 64.720 Executing VM operation: Cleanup
Event: 64.720 Executing VM operation: Cleanup done
Event: 78.720 Executing VM operation: Cleanup
Event: 78.720 Executing VM operation: Cleanup done
Event: 80.721 Executing VM operation: Cleanup
Event: 80.721 Executing VM operation: Cleanup done
Event: 81.284 Executing VM operation: Exit

Events (20 events):
Event: 81.274 Thread 0x000073d0893dffd0 Thread added: 0x000073d0893dffd0
Event: 81.274 Protecting memory [0x000073d0b3f00000,0x000073d0b3f04000] with protection modes 0
Event: 81.274 Thread 0x000073d0c89656e0 Thread added: 0x000073d0c89656e0
Event: 81.274 Protecting memory [0x000073d0adbe4000,0x000073d0adbe8000] with protection modes 0
Event: 81.274 loading class sun/awt/X11/XSystemTrayPeer
Event: 81.274 Thread 0x000073d089470d10 Thread added: 0x000073d089470d10
Event: 81.274 Protecting memory [0x000073d1891ff000,0x000073d189203000] with protection modes 0
Event: 81.275 loading class sun/awt/X11/XSystemTrayPeer done
Event: 81.275 Thread 0x000073d0c8976fb0 Thread added: 0x000073d0c8976fb0
Event: 81.275 Protecting memory [0x000073d1890ff000,0x000073d189103000] with protection modes 0
Event: 81.276 Thread 0x000073d0c88c41a0 Thread added: 0x000073d0c88c41a0
Event: 81.276 Thread 0x000073d0893dffd0 Thread exited: 0x000073d0893dffd0
Event: 81.276 Protecting memory [0x000073d087800000,0x000073d087804000] with protection modes 0
Event: 81.276 Thread 0x000073d0c8976fb0 Thread exited: 0x000073d0c8976fb0
Event: 81.276 Thread 0x000073d089470d10 Thread exited: 0x000073d089470d10
Event: 81.277 Thread 0x000073d0c88c41a0 Thread exited: 0x000073d0c88c41a0
Event: 81.279 Thread 0x000073d0c89656e0 Thread exited: 0x000073d0c89656e0
Event: 81.280 Thread 0x000073d0c8126640 Thread exited: 0x000073d0c8126640
Event: 81.284 Thread 0x000073d0c8115010 Thread exited: 0x000073d0c8115010
Event: 81.284 Thread 0x000073d0893ec120 Thread exited: 0x000073d0893ec120


Dynamic libraries:
60c000000-61cc00000 rw-p 00000000 00:00 0 
61cc00000-62ac00000 ---p 00000000 00:00 0 
62ac00000-62b400000 rw-p 00000000 00:00 0 
62b400000-7ff800000 ---p 00000000 00:00 0 
7ff800000-7ffb00000 rw-p 00000000 00:00 0 
7ffb00000-7ffb77000 rw-p 00cab000 103:05 4195867                         /usr/lib/jvm/jdk-17-oracle-x64/lib/server/classes.jsa
7ffb77000-7ffc00000 rw-p 00000000 00:00 0 
7ffc00000-7ffc84000 rw-p 00c27000 103:05 4195867                         /usr/lib/jvm/jdk-17-oracle-x64/lib/server/classes.jsa
7ffc84000-800000000 rw-p 00000000 00:00 0 
565c25434000-565c25435000 r-xp 00000000 103:05 4195371                   /usr/lib/jvm/jdk-17-oracle-x64/bin/java
565c25436000-565c25437000 r--p 00001000 103:05 4195371                   /usr/lib/jvm/jdk-17-oracle-x64/bin/java
565c25437000-565c25438000 rw-p 00002000 103:05 4195371                   /usr/lib/jvm/jdk-17-oracle-x64/bin/java
565c255e6000-565c25607000 rw-p 00000000 00:00 0                          [heap]
73d02c000000-73d02c021000 rw-p 00000000 00:00 0 
73d02c021000-73d030000000 ---p 00000000 00:00 0 
73d034000000-73d034021000 rw-p 00000000 00:00 0 
73d034021000-73d038000000 ---p 00000000 00:00 0 
73d038000000-73d038021000 rw-p 00000000 00:00 0 
73d038021000-73d03c000000 ---p 00000000 00:00 0 
73d03c000000-73d03c031000 rw-p 00000000 00:00 0 
73d03c031000-73d040000000 ---p 00000000 00:00 0 
73d040000000-73d04002d000 rw-p 00000000 00:00 0 
73d04002d000-73d044000000 ---p 00000000 00:00 0 
73d044000000-73d044032000 rw-p 00000000 00:00 0 
73d044032000-73d048000000 ---p 00000000 00:00 0 
73d048000000-73d04802d000 rw-p 00000000 00:00 0 
73d04802d000-73d04c000000 ---p 00000000 00:00 0 
73d04c000000-73d04c02d000 rw-p 00000000 00:00 0 
73d04c02d000-73d050000000 ---p 00000000 00:00 0 
73d050000000-73d05002d000 rw-p 00000000 00:00 0 
73d05002d000-73d054000000 ---p 00000000 00:00 0 
73d054000000-73d054416000 rw-p 00000000 00:00 0 
73d054416000-73d058000000 ---p 00000000 00:00 0 
73d058000000-73d058032000 rw-p 00000000 00:00 0 
73d058032000-73d05c000000 ---p 00000000 00:00 0 
73d05c000000-73d05c032000 rw-p 00000000 00:00 0 
73d05c032000-73d060000000 ---p 00000000 00:00 0 
73d060000000-73d060030000 rw-p 00000000 00:00 0 
73d060030000-73d064000000 ---p 00000000 00:00 0 
73d064000000-73d06402d000 rw-p 00000000 00:00 0 
73d06402d000-73d068000000 ---p 00000000 00:00 0 
73d068000000-73d068032000 rw-p 00000000 00:00 0 
73d068032000-73d06c000000 ---p 00000000 00:00 0 
73d06c000000-73d06c021000 rw-p 00000000 00:00 0 
73d06c021000-73d070000000 ---p 00000000 00:00 0 
73d070000000-73d070021000 rw-p 00000000 00:00 0 
73d070021000-73d074000000 ---p 00000000 00:00 0 
73d074000000-73d07402d000 rw-p 00000000 00:00 0 
73d07402d000-73d078000000 ---p 00000000 00:00 0 
73d078000000-73d078021000 rw-p 00000000 00:00 0 
73d078021000-73d07c000000 ---p 00000000 00:00 0 
73d07c000000-73d07c021000 rw-p 00000000 00:00 0 
73d07c021000-73d080000000 ---p 00000000 00:00 0 
73d080000000-73d0801d4000 rw-p 00000000 00:00 0 
73d0801d4000-73d084000000 ---p 00000000 00:00 0 
73d086e00000-73d086e04000 ---p 00000000 00:00 0 
73d086e04000-73d086f00000 rw-p 00000000 00:00 0 
73d086f00000-73d086f04000 ---p 00000000 00:00 0 
73d086f04000-73d087000000 rw-p 00000000 00:00 0 
73d087000000-73d087004000 ---p 00000000 00:00 0 
73d087004000-73d087100000 rw-p 00000000 00:00 0 
73d087100000-73d087104000 ---p 00000000 00:00 0 
73d087104000-73d087200000 rw-p 00000000 00:00 0 
73d087200000-73d087204000 ---p 00000000 00:00 0 
73d087204000-73d087300000 rw-p 00000000 00:00 0 
73d087300000-73d087304000 ---p 00000000 00:00 0 
73d087304000-73d087400000 rw-p 00000000 00:00 0 
73d087400000-73d087404000 ---p 00000000 00:00 0 
73d087404000-73d087500000 rw-p 00000000 00:00 0 
73d087500000-73d087504000 ---p 00000000 00:00 0 
73d087504000-73d087600000 rw-p 00000000 00:00 0 
73d087600000-73d087604000 ---p 00000000 00:00 0 
73d087604000-73d087700000 rw-p 00000000 00:00 0 
73d087700000-73d087704000 ---p 00000000 00:00 0 
73d087704000-73d087800000 rw-p 00000000 00:00 0 
73d087800000-73d087804000 ---p 00000000 00:00 0 
73d087804000-73d087900000 rw-p 00000000 00:00 0 
73d087900000-73d087904000 ---p 00000000 00:00 0 
73d087904000-73d087a00000 rw-p 00000000 00:00 0 
73d087a00000-73d087a04000 ---p 00000000 00:00 0 
73d087a04000-73d087b00000 rw-p 00000000 00:00 0 
73d087b00000-73d087b04000 ---p 00000000 00:00 0 
73d087b04000-73d087c00000 rw-p 00000000 00:00 0 
73d087c00000-73d087c04000 ---p 00000000 00:00 0 
73d087c04000-73d087d00000 rw-p 00000000 00:00 0 
73d087d00000-73d087d04000 ---p 00000000 00:00 0 
73d087d04000-73d087e00000 rw-p 00000000 00:00 0 
73d088000000-73d08bf0a000 rw-p 00000000 00:00 0 
73d08bf0a000-73d08c000000 ---p 00000000 00:00 0 
73d090000000-73d090026000 rw-p 00000000 00:00 0 
73d090026000-73d094000000 ---p 00000000 00:00 0 
73d094000000-73d094021000 rw-p 00000000 00:00 0 
73d094021000-73d098000000 ---p 00000000 00:00 0 
73d098000000-73d09812f000 rw-p 00000000 00:00 0 
73d09812f000-73d09c000000 ---p 00000000 00:00 0 
73d09c000000-73d09c021000 rw-p 00000000 00:00 0 
73d09c021000-73d0a0000000 ---p 00000000 00:00 0 
73d0a0000000-73d0a00d4000 rw-p 00000000 00:00 0 
73d0a00d4000-73d0a4000000 ---p 00000000 00:00 0 
73d0a40ff000-73d0a4103000 ---p 00000000 00:00 0 
73d0a4103000-73d0a41ff000 rw-p 00000000 00:00 0 
73d0a5200000-73d0a54d8000 r-xp 00000000 103:05 3541275                   /usr/lib/x86_64-linux-gnu/libnvidia-glcore.so.535.183.01
73d0a54d8000-73d0a54f9000 rwxp 002d8000 103:05 3541275                   /usr/lib/x86_64-linux-gnu/libnvidia-glcore.so.535.183.01
73d0a54f9000-73d0a7b97000 r-xp 002f9000 103:05 3541275                   /usr/lib/x86_64-linux-gnu/libnvidia-glcore.so.535.183.01
73d0a7b97000-73d0a7b98000 ---p 02997000 103:05 3541275                   /usr/lib/x86_64-linux-gnu/libnvidia-glcore.so.535.183.01
73d0a7b98000-73d0a7d6b000 r--p 02997000 103:05 3541275                   /usr/lib/x86_64-linux-gnu/libnvidia-glcore.so.535.183.01
73d0a7d6b000-73d0a7dd4000 rw-p 02b6a000 103:05 3541275                   /usr/lib/x86_64-linux-gnu/libnvidia-glcore.so.535.183.01
73d0a7dd4000-73d0a7e11000 rw-p 00000000 00:00 0 
73d0a7f00000-73d0a7f04000 ---p 00000000 00:00 0 
73d0a7f04000-73d0a8000000 rw-p 00000000 00:00 0 
73d0a8000000-73d0a86c4000 rw-p 00000000 00:00 0 
73d0a86c4000-73d0ac000000 ---p 00000000 00:00 0 
73d0ac0f8000-73d0ac0fc000 ---p 00000000 00:00 0 
73d0ac0fc000-73d0ac1f8000 rw-p 00000000 00:00 0 
73d0adae4000-73d0adae8000 ---p 00000000 00:00 0 
73d0adae8000-73d0adbe4000 rw-p 00000000 00:00 0 
73d0adbe4000-73d0adbe8000 ---p 00000000 00:00 0 
73d0adbe8000-73d0adce4000 rw-p 00000000 00:00 0 
73d0ae6e4000-73d0ae6e5000 ---p 00000000 00:00 0 
73d0ae6e5000-73d0ae7e5000 rw-p 00000000 00:00 0 
73d0ae7e5000-73d0ae7ea000 r--s 00000000 103:05 1130216                   /var/cache/fontconfig/c0eb7f3c-bb4b-44a7-a442-377e94396330-le64.cache-7
73d0ae7ea000-73d0ae7ee000 r--s 00000000 103:05 1130215                   /var/cache/fontconfig/b691a87f-7f1c-4c85-9d10-5fa6fe88fec3-le64.cache-7
73d0ae7ee000-73d0ae7f5000 r--s 00000000 103:05 1130214                   /var/cache/fontconfig/19e642ee-4f4a-4341-b19e-24466d99f991-le64.cache-7
73d0ae7f5000-73d0ae800000 r--s 00000000 103:05 1049000                   /var/cache/fontconfig/fb06febb-207b-4f4e-a9ca-ff582d8ab769-le64.cache-7
73d0b133b000-73d0b133f000 r--s 00000000 103:05 1130213                   /var/cache/fontconfig/2bd1ae78-66b1-4ae1-bf3b-95daa6379340-le64.cache-7
73d0b133f000-73d0b134b000 r--s 00000000 103:05 1061680                   /var/cache/fontconfig/eddd33ad-8c4b-4faa-9d25-4efe8e830901-le64.cache-7
73d0b134b000-73d0b1351000 r--s 00000000 103:05 1048978                   /var/cache/fontconfig/da7e498b-a524-47d3-a7d3-e4754c566653-le64.cache-7
73d0b1351000-73d0b1352000 r--s 00000000 103:05 1048803                   /var/cache/fontconfig/0a7257e9-b5b4-4ed4-bca0-5b76db9d45fb-le64.cache-7
73d0b1352000-73d0b1368000 r--s 00000000 103:05 1048934                   /var/cache/fontconfig/a5834c36-377a-47b1-b6db-158ef1ec2860-le64.cache-7
73d0b1368000-73d0b1369000 r--s 00000000 103:05 1048864                   /var/cache/fontconfig/4eb199bf-325e-42d3-ad7a-d5a954dce04f-le64.cache-7
73d0b1369000-73d0b1371000 r--s 00000000 103:05 1048826                   /var/cache/fontconfig/1f87cae5-259d-4c03-b2db-dd38b23cb520-le64.cache-7
73d0b1371000-73d0b1372000 r--s 00000000 103:05 1048963                   /var/cache/fontconfig/cefe1f8b-acd4-44b4-818f-6939dc49eb7b-le64.cache-7
73d0b1372000-73d0b1374000 r--s 00000000 103:05 1048951                   /var/cache/fontconfig/c2343740-0bbf-4748-ab03-2a27127a1e19-le64.cache-7
73d0b1374000-73d0b1375000 r--s 00000000 103:05 1048905                   /var/cache/fontconfig/79cfa41a-4a17-4e58-a0d0-46ba93758da0-le64.cache-7
73d0b1375000-73d0b1377000 r--s 00000000 103:05 1048958                   /var/cache/fontconfig/c9d383d0-4f73-4961-bbfa-7b9ceb423dbe-le64.cache-7
73d0b1377000-73d0b1379000 r--s 00000000 103:05 1049001                   /var/cache/fontconfig/fc6cce9c-4138-4a9f-9b1b-23c2c96e7240-le64.cache-7
73d0b1379000-73d0b137f000 r--s 00000000 103:05 1130211                   /var/cache/fontconfig/91ec633c-f680-45ff-92dc-67677d827d3d-le64.cache-7
73d0b137f000-73d0b13e7000 r--s 00000000 103:05 1130210                   /var/cache/fontconfig/7b5105e4-3364-4273-8579-8d2a4a89f51c-le64.cache-7
73d0b13e7000-73d0b13ec000 r--s 00000000 103:05 1048936                   /var/cache/fontconfig/abd2dd51-b5d6-444e-957c-d11413390b8c-le64.cache-7
73d0b13ec000-73d0b13f1000 r--s 00000000 103:05 1058527                   /var/cache/fontconfig/0cdf861d-0fc7-445d-bd70-32f16c247b2a-le64.cache-7
73d0b13f1000-73d0b13f2000 r--s 00000000 103:05 1048833                   /var/cache/fontconfig/2271251e-7037-4c9a-85d4-b92642656a13-le64.cache-7
73d0b13f2000-73d0b13f3000 r--s 00000000 103:05 1048815                   /var/cache/fontconfig/16552b1e-8da6-467b-b502-6fb83e521051-le64.cache-7
73d0b13f3000-73d0b13f4000 r