#
# A fatal error has been detected by the Java Runtime Environment:
#
#  SIGSEGV (0xb) at pc=0x000073705d0359ea, pid=65836, tid=65883
#
# JRE version: Java(TM) SE Runtime Environment (17.0.11+7) (build 17.0.11+7-LTS-207)
# Java VM: Java HotSpot(TM) 64-Bit Server VM (17.0.11+7-LTS-207, mixed mode, sharing, tiered, compressed oops, compressed class ptrs, g1 gc, linux-amd64)
# Problematic frame:
# C  0x0000736fe41340d8
#
# Core dump will be written. Default location: Core dumps may be processed with "/usr/share/apport/apport -p%p -s%s -c%c -d%d -P%P -u%u -g%g -- %E" (or dumping to /home/eduardo/TCC/core.65836)
#
# If you would like to submit a bug report, please visit:
#   https://bugreport.java.com/bugreport/crash.jsp
#

---------------  S U M M A R Y ------------

Command Line: /home/eduardo/TCC/bin/RoboViz.jar --serverPort=4200

Host: AMD Ryzen 7 5700X 8-Core Processor, 16 cores, 31G, Ubuntu 22.04.4 LTS
Time: Tue Jul 23 22:52:50 2024 -03 elapsed time: 8.000456 seconds (0d 0h 0m 8s)

---------------  T H R E A D  ---------------

Current thread is native thread

Stack: [0x000073705cb00000,0x000073705cc00000],  sp=0x000073705cbfed48,  free space=1019k
Native frames: (J=compiled Java code, j=interpreted, Vv=VM code, C=native code)
C  0x0000736fe41340d8


siginfo: si_signo: 11 (SIGSEGV), si_code: 1 (SEGV_MAPERR), si_addr: 0x000073705d0359ea

Registers:
RAX=0x0000000000000000, RBX=0x0000736fe41342e8, RCX=0x0000000000000017, RDX=0x0000000000000001
RSP=0x000073705cbfed40, RBP=0x0000736fe41340d8, RSI=0x0000000000000000, RDI=0x0000736fc7e0b060
R8 =0x0000736fe40af3c0, R9 =0x000073705cbfec6c, R10=0x0000736fbc6bd4b0, R11=0x62c9cea8d7d85c17
R12=0x0000736fe41342a0, R13=0x0000736fe4134250, R14=0x0000736fe41341f0, R15=0x0000000000000000
RIP=0x000073705d0359ea, EFLAGS=0x0000000000010202, CSGSFS=0x002b000000000033, ERR=0x0000000000000014
  TRAPNO=0x000000000000000e


Top of Stack: (sp=0x000073705cbfed40)
0x000073705cbfed40:   0000736fe41340d8 000073705d035aa7
0x000073705cbfed50:   0000736fe41341f0 0000000000000000
0x000073705cbfed60:   000073705cbfedc8 000073705d0a2995
0x000073705cbfed70:   000073705cbfedc8 0000736fe41341f0 

Instructions: (pc=0x0000736fe41340d8)
0x0000736fe4133fd8:   f0 2b 83 12 06 00 00 00 d0 8d 83 12 06 00 00 00
0x0000736fe4133fe8:   40 2b 83 12 06 00 00 00 40 8e 83 12 06 00 00 00
0x0000736fe4133ff8:   88 2a 83 12 06 00 00 00 b0 8e 83 12 06 00 00 00
0x0000736fe4134008:   b8 29 83 12 06 00 00 00 00 29 83 12 06 00 00 00
0x0000736fe4134018:   50 28 83 12 06 00 00 00 20 00 00 00 5f 4f 46 46
0x0000736fe4134028:   00 d0 8c e4 6f 73 00 00 20 01 00 00 00 00 00 00
0x0000736fe4134038:   91 01 00 00 00 00 00 00 f0 60 7a e4 6f 73 00 00
0x0000736fe4134048:   80 ea 1a e4 6f 73 00 00 78 2d 67 6e 75 2f 6c 69
0x0000736fe4134058:   62 78 63 62 2d 78 66 69 78 65 73 2e 73 6f 2e 30
0x0000736fe4134068:   00 00 00 00 00 00 00 00 40 00 00 00 00 00 00 00
0x0000736fe4134078:   44 00 00 00 00 00 00 00 d4 61 e5 d2 68 73 00 00
0x0000736fe4134088:   5f 36 34 2d 6c 69 6e 75 78 2d 67 6e 75 00 6c 69
0x0000736fe4134098:   62 78 63 62 2d 78 66 69 78 65 73 2e 73 6f 2e 30
0x0000736fe41340a8:   00 00 00 00 00 00 00 00 34 41 fe 36 07 00 00 00
0x0000736fe41340b8:   11 01 00 00 00 00 00 00 80 ea 1a e4 6f 73 00 00
0x0000736fe41340c8:   20 21 1b e4 6f 73 00 00 78 2d 67 6e 75 2f 6c 69
0x0000736fe41340d8:   62 77 61 79 6c 61 6e 64 2d 63 6c 69 65 6e 74 2e
0x0000736fe41340e8:   73 6f 2e 30 00 00 00 00 40 00 00 00 00 00 00 00
0x0000736fe41340f8:   44 00 00 00 00 00 00 00 14 60 e5 d2 68 73 00 00
0x0000736fe4134108:   5f 36 34 2d 6c 69 6e 75 78 2d 67 6e 75 00 6c 69
0x0000736fe4134118:   62 77 61 79 6c 61 6e 64 2d 63 6c 69 65 6e 74 2e
0x0000736fe4134128:   73 6f 2e 30 00 73 00 00 b0 00 00 00 00 00 00 00
0x0000736fe4134138:   91 00 00 00 00 00 00 00 40 10 32 e4 6f 73 00 00
0x0000736fe4134148:   d0 af 13 e4 6f 73 00 00 78 2d 67 6e 75 2f 6c 69
0x0000736fe4134158:   62 78 63 62 2d 64 72 69 30 00 00 00 00 00 00 00
0x0000736fe4134168:   34 00 00 00 00 00 00 00 e4 ee ed d2 68 73 00 00
0x0000736fe4134178:   5f 36 34 2d 6c 69 6e 75 78 2d 67 6e 75 00 6c 69
0x0000736fe4134188:   62 78 63 62 2d 64 72 69 33 2e 73 6f 2e 30 00 00
0x0000736fe4134198:   31 00 00 00 00 00 00 00 60 22 1b e4 6f 73 00 00
0x0000736fe41341a8:   60 11 1b e4 6f 73 00 00 78 2d 67 6e 75 2f 6c 69
0x0000736fe41341b8:   62 78 63 62 2d 73 79 6e 90 01 00 00 00 00 00 00
0x0000736fe41341c8:   24 00 00 00 00 00 00 00 00 00 00 00 00 00 00 00 



---------------  P R O C E S S  ---------------

VM state: at safepoint (shutting down)

VM Mutex/Monitor currently owned by a thread:  ([mutex/lock_event])
[0x00007370e40210c0] Threads_lock - owner thread: 0x00007370e415f3e0
[0x00007370e4021870] Heap_lock - owner thread: 0x00007370e46afa00

Heap address: 0x000000060c000000, size: 8000 MB, Compressed Oops mode: Zero based, Oop shift amount: 3

CDS archive(s) mapped at: [0x0000737063000000-0x0000737063bee000-0x0000737063bee000), size 12509184, SharedBaseAddress: 0x0000737063000000, ArchiveRelocationMode: 1.
Compressed class space mapped at: 0x0000737064000000-0x00007370a4000000, reserved size: 1073741824
Narrow klass base: 0x0000737063000000, Narrow klass shift: 0, Narrow klass range: 0x100000000

GC Precious Log:
<Skipped>

Heap:
 garbage-first heap   total 290816K, used 176737K [0x000000060c000000, 0x0000000800000000)
  region size 4096K, 41 young (167936K), 2 survivors (8192K)
 Metaspace       used 31719K, committed 32000K, reserved 1114112K
  class space    used 3247K, committed 3392K, reserved 1048576K

Heap Regions: E=young(eden), S=young(survivor), O=old, HS=humongous(starts), HC=humongous(continues), CS=collection set, F=free, OA=open archive, CA=closed archive, TAMS=top-at-mark-start (previous, next)
|   0|0x000000060c000000, 0x000000060c3a1800, 0x000000060c400000| 90%| O|  |TAMS 0x000000060c3a1800, 0x000000060c3a1800| Untracked 
|   1|0x000000060c400000, 0x000000060c400000, 0x000000060c800000|  0%| F|  |TAMS 0x000000060c400000, 0x000000060c400000| Untracked 
|   2|0x000000060c800000, 0x000000060c800000, 0x000000060cc00000|  0%| F|  |TAMS 0x000000060c800000, 0x000000060c800000| Untracked 
|   3|0x000000060cc00000, 0x000000060cc00000, 0x000000060d000000|  0%| F|  |TAMS 0x000000060cc00000, 0x000000060cc00000| Untracked 
|   4|0x000000060d000000, 0x000000060d000000, 0x000000060d400000|  0%| F|  |TAMS 0x000000060d000000, 0x000000060d000000| Untracked 
|   5|0x000000060d400000, 0x000000060d800000, 0x000000060d800000|100%| O|  |TAMS 0x000000060d400000, 0x000000060d800000| Untracked 
|   6|0x000000060d800000, 0x000000060da79000, 0x000000060dc00000| 61%| O|  |TAMS 0x000000060d800000, 0x000000060da79000| Untracked 
|   7|0x000000060dc00000, 0x000000060dc00000, 0x000000060e000000|  0%| F|  |TAMS 0x000000060dc00000, 0x000000060dc00000| Untracked 
|   8|0x000000060e000000, 0x000000060e000000, 0x000000060e400000|  0%| F|  |TAMS 0x000000060e000000, 0x000000060e000000| Untracked 
|   9|0x000000060e400000, 0x000000060e400000, 0x000000060e800000|  0%| F|  |TAMS 0x000000060e400000, 0x000000060e400000| Untracked 
|  10|0x000000060e800000, 0x000000060e800000, 0x000000060ec00000|  0%| F|  |TAMS 0x000000060e800000, 0x000000060e800000| Untracked 
|  11|0x000000060ec00000, 0x000000060ec00000, 0x000000060f000000|  0%| F|  |TAMS 0x000000060ec00000, 0x000000060ec00000| Untracked 
|  12|0x000000060f000000, 0x000000060f000000, 0x000000060f400000|  0%| F|  |TAMS 0x000000060f000000, 0x000000060f000000| Untracked 
|  13|0x000000060f400000, 0x000000060f400000, 0x000000060f800000|  0%| F|  |TAMS 0x000000060f400000, 0x000000060f400000| Untracked 
|  14|0x000000060f800000, 0x000000060f800000, 0x000000060fc00000|  0%| F|  |TAMS 0x000000060f800000, 0x000000060f800000| Untracked 
|  15|0x000000060fc00000, 0x000000060fc00000, 0x0000000610000000|  0%| F|  |TAMS 0x000000060fc00000, 0x000000060fc00000| Untracked 
|  16|0x0000000610000000, 0x0000000610000000, 0x0000000610400000|  0%| F|  |TAMS 0x0000000610000000, 0x0000000610000000| Untracked 
|  17|0x0000000610400000, 0x0000000610400000, 0x0000000610800000|  0%| F|  |TAMS 0x0000000610400000, 0x0000000610400000| Untracked 
|  18|0x0000000610800000, 0x0000000610800000, 0x0000000610c00000|  0%| F|  |TAMS 0x0000000610800000, 0x0000000610800000| Untracked 
|  19|0x0000000610c00000, 0x0000000610c00000, 0x0000000611000000|  0%| F|  |TAMS 0x0000000610c00000, 0x0000000610c00000| Untracked 
|  20|0x0000000611000000, 0x0000000611000000, 0x0000000611400000|  0%| F|  |TAMS 0x0000000611000000, 0x0000000611000000| Untracked 
|  21|0x0000000611400000, 0x0000000611400000, 0x0000000611800000|  0%| F|  |TAMS 0x0000000611400000, 0x0000000611400000| Untracked 
|  22|0x0000000611800000, 0x0000000611800000, 0x0000000611c00000|  0%| F|  |TAMS 0x0000000611800000, 0x0000000611800000| Untracked 
|  23|0x0000000611c00000, 0x0000000611c00000, 0x0000000612000000|  0%| F|  |TAMS 0x0000000611c00000, 0x0000000611c00000| Untracked 
|  24|0x0000000612000000, 0x0000000612000000, 0x0000000612400000|  0%| F|  |TAMS 0x0000000612000000, 0x0000000612000000| Untracked 
|  25|0x0000000612400000, 0x0000000612682ea8, 0x0000000612800000| 62%| S|CS|TAMS 0x0000000612400000, 0x0000000612400000| Complete 
|  26|0x0000000612800000, 0x0000000612c00000, 0x0000000612c00000|100%| S|CS|TAMS 0x0000000612800000, 0x0000000612800000| Complete 
|  27|0x0000000612c00000, 0x0000000612c00000, 0x0000000613000000|  0%| F|  |TAMS 0x0000000612c00000, 0x0000000612c00000| Untracked 
|  28|0x0000000613000000, 0x0000000613000000, 0x0000000613400000|  0%| F|  |TAMS 0x0000000613000000, 0x0000000613000000| Untracked 
|  29|0x0000000613400000, 0x0000000613400000, 0x0000000613800000|  0%| F|  |TAMS 0x0000000613400000, 0x0000000613400000| Untracked 
|  30|0x0000000613800000, 0x0000000613a07630, 0x0000000613c00000| 50%| E|  |TAMS 0x0000000613800000, 0x0000000613800000| Complete 
|  31|0x0000000613c00000, 0x0000000614000000, 0x0000000614000000|100%| E|CS|TAMS 0x0000000613c00000, 0x0000000613c00000| Complete 
|  32|0x0000000614000000, 0x0000000614400000, 0x0000000614400000|100%| E|CS|TAMS 0x0000000614000000, 0x0000000614000000| Complete 
|  33|0x0000000614400000, 0x0000000614800000, 0x0000000614800000|100%| E|CS|TAMS 0x0000000614400000, 0x0000000614400000| Complete 
|  34|0x0000000614800000, 0x0000000614c00000, 0x0000000614c00000|100%| E|CS|TAMS 0x0000000614800000, 0x0000000614800000| Complete 
|  35|0x0000000614c00000, 0x0000000615000000, 0x0000000615000000|100%| E|CS|TAMS 0x0000000614c00000, 0x0000000614c00000| Complete 
|  36|0x0000000615000000, 0x0000000615400000, 0x0000000615400000|100%| E|CS|TAMS 0x0000000615000000, 0x0000000615000000| Complete 
|  37|0x0000000615400000, 0x0000000615800000, 0x0000000615800000|100%| E|CS|TAMS 0x0000000615400000, 0x0000000615400000| Complete 
|  38|0x0000000615800000, 0x0000000615c00000, 0x0000000615c00000|100%| E|CS|TAMS 0x0000000615800000, 0x0000000615800000| Complete 
|  39|0x0000000615c00000, 0x0000000616000000, 0x0000000616000000|100%| E|CS|TAMS 0x0000000615c00000, 0x0000000615c00000| Complete 
|  40|0x0000000616000000, 0x0000000616400000, 0x0000000616400000|100%| E|CS|TAMS 0x0000000616000000, 0x0000000616000000| Complete 
|  41|0x0000000616400000, 0x0000000616800000, 0x0000000616800000|100%| E|CS|TAMS 0x0000000616400000, 0x0000000616400000| Complete 
|  42|0x0000000616800000, 0x0000000616c00000, 0x0000000616c00000|100%| E|CS|TAMS 0x0000000616800000, 0x0000000616800000| Complete 
|  43|0x0000000616c00000, 0x0000000617000000, 0x0000000617000000|100%| E|CS|TAMS 0x0000000616c00000, 0x0000000616c00000| Complete 
|  44|0x0000000617000000, 0x0000000617400000, 0x0000000617400000|100%| E|CS|TAMS 0x0000000617000000, 0x0000000617000000| Complete 
|  45|0x0000000617400000, 0x0000000617800000, 0x0000000617800000|100%| E|CS|TAMS 0x0000000617400000, 0x0000000617400000| Complete 
|  46|0x0000000617800000, 0x0000000617c00000, 0x0000000617c00000|100%| E|CS|TAMS 0x0000000617800000, 0x0000000617800000| Complete 
|  47|0x0000000617c00000, 0x0000000618000000, 0x0000000618000000|100%| E|CS|TAMS 0x0000000617c00000, 0x0000000617c00000| Complete 
|  48|0x0000000618000000, 0x0000000618400000, 0x0000000618400000|100%| E|CS|TAMS 0x0000000618000000, 0x0000000618000000| Complete 
|  49|0x0000000618400000, 0x0000000618800000, 0x0000000618800000|100%| E|CS|TAMS 0x0000000618400000, 0x0000000618400000| Complete 
|  50|0x0000000618800000, 0x0000000618c00000, 0x0000000618c00000|100%| E|CS|TAMS 0x0000000618800000, 0x0000000618800000| Complete 
|  51|0x0000000618c00000, 0x0000000619000000, 0x0000000619000000|100%| E|CS|TAMS 0x0000000618c00000, 0x0000000618c00000| Complete 
|  52|0x0000000619000000, 0x0000000619400000, 0x0000000619400000|100%| E|CS|TAMS 0x0000000619000000, 0x0000000619000000| Complete 
|  53|0x0000000619400000, 0x0000000619800000, 0x0000000619800000|100%| E|CS|TAMS 0x0000000619400000, 0x0000000619400000| Complete 
|  54|0x0000000619800000, 0x0000000619c00000, 0x0000000619c00000|100%| E|CS|TAMS 0x0000000619800000, 0x0000000619800000| Complete 
|  55|0x0000000619c00000, 0x000000061a000000, 0x000000061a000000|100%| E|CS|TAMS 0x0000000619c00000, 0x0000000619c00000| Complete 
|  56|0x000000061a000000, 0x000000061a400000, 0x000000061a400000|100%| E|CS|TAMS 0x000000061a000000, 0x000000061a000000| Complete 
|  57|0x000000061a400000, 0x000000061a800000, 0x000000061a800000|100%| E|CS|TAMS 0x000000061a400000, 0x000000061a400000| Complete 
|  58|0x000000061a800000, 0x000000061ac00000, 0x000000061ac00000|100%| E|CS|TAMS 0x000000061a800000, 0x000000061a800000| Complete 
|  59|0x000000061ac00000, 0x000000061b000000, 0x000000061b000000|100%| E|CS|TAMS 0x000000061ac00000, 0x000000061ac00000| Complete 
|  60|0x000000061b000000, 0x000000061b400000, 0x000000061b400000|100%| E|CS|TAMS 0x000000061b000000, 0x000000061b000000| Complete 
|  61|0x000000061b400000, 0x000000061b800000, 0x000000061b800000|100%| E|CS|TAMS 0x000000061b400000, 0x000000061b400000| Complete 
|  62|0x000000061b800000, 0x000000061bc00000, 0x000000061bc00000|100%| E|CS|TAMS 0x000000061b800000, 0x000000061b800000| Complete 
|  63|0x000000061bc00000, 0x000000061c000000, 0x000000061c000000|100%| E|CS|TAMS 0x000000061bc00000, 0x000000061bc00000| Complete 
|  64|0x000000061c000000, 0x000000061c400000, 0x000000061c400000|100%| E|CS|TAMS 0x000000061c000000, 0x000000061c000000| Complete 
|  65|0x000000061c400000, 0x000000061c800000, 0x000000061c800000|100%| E|CS|TAMS 0x000000061c400000, 0x000000061c400000| Complete 
|  66|0x000000061c800000, 0x000000061cc00000, 0x000000061cc00000|100%| E|CS|TAMS 0x000000061c800000, 0x000000061c800000| Complete 
| 123|0x000000062ac00000, 0x000000062b000000, 0x000000062b000000|100%| E|CS|TAMS 0x000000062ac00000, 0x000000062ac00000| Complete 
| 124|0x000000062b000000, 0x000000062b400000, 0x000000062b400000|100%| E|CS|TAMS 0x000000062b000000, 0x000000062b000000| Complete 
|1998|0x00000007ff800000, 0x00000007ffb77000, 0x00000007ffc00000| 86%|OA|  |TAMS 0x00000007ffb77000, 0x00000007ffb77000| Untracked 
|1999|0x00000007ffc00000, 0x00000007ffc84000, 0x0000000800000000| 12%|CA|  |TAMS 0x00000007ffc84000, 0x00000007ffc84000| Untracked 

Card table byte_map: [0x00007370cc660000,0x00007370cd600000] _byte_map_base: 0x00007370c9600000

Marking Bits (Prev, Next): (CMBitMap*) 0x00007370e4053d30, (CMBitMap*) 0x00007370e4053cf0
 Prev Bits: [0x00007370bbcc0000, 0x00007370c39c0000)
 Next Bits: [0x00007370c39c0000, 0x00007370cb6c0000)

Polling page: 0x00007370ec5e1000

Metaspace:

Usage:
  Non-class:     27.80 MB used.
      Class:      3.17 MB used.
       Both:     30.98 MB used.

Virtual space:
  Non-class space:       64.00 MB reserved,      27.94 MB ( 44%) committed,  1 nodes.
      Class space:        1.00 GB reserved,       3.31 MB ( <1%) committed,  1 nodes.
             Both:        1.06 GB reserved,      31.25 MB (  3%) committed. 

Chunk freelists:
   Non-Class:  4.02 MB
       Class:  12.60 MB
        Both:  16.61 MB

MaxMetaspaceSize: unlimited
CompressedClassSpaceSize: 1.00 GB
Initial GC threshold: 21.00 MB
Current GC threshold: 35.31 MB
CDS: on
MetaspaceReclaimPolicy: balanced
 - commit_granule_bytes: 65536.
 - commit_granule_words: 8192.
 - virtual_space_node_default_size: 8388608.
 - enlarge_chunks_in_place: 1.
 - new_chunks_are_fully_committed: 0.
 - uncommit_free_chunks: 1.
 - use_allocation_guard: 0.
 - handle_deallocations: 1.


Internal statistics:

num_allocs_failed_limit: 3.
num_arena_births: 302.
num_arena_deaths: 0.
num_vsnodes_births: 2.
num_vsnodes_deaths: 0.
num_space_committed: 496.
num_space_uncommitted: 0.
num_chunks_returned_to_freelist: 3.
num_chunks_taken_from_freelist: 934.
num_chunk_merges: 3.
num_chunk_splits: 643.
num_chunks_enlarged: 467.
num_inconsistent_stats: 0.

CodeHeap 'non-profiled nmethods': size=119168Kb used=2561Kb max_used=2561Kb free=116607Kb
 bounds [0x00007370d51a0000, 0x00007370d5430000, 0x00007370dc600000]
CodeHeap 'profiled nmethods': size=119164Kb used=9310Kb max_used=9310Kb free=109853Kb
 bounds [0x00007370cd600000, 0x00007370cdf20000, 0x00007370d4a5f000]
CodeHeap 'non-nmethods': size=7428Kb used=3423Kb max_used=3463Kb free=4004Kb
 bounds [0x00007370d4a5f000, 0x00007370d4dcf000, 0x00007370d51a0000]
 total_blobs=5869 nmethods=4671 adapters=1108
 compilation: enabled
              stopped_count=0, restarted_count=0
 full_count=0

Compilation events (20 events):
Event: 7.905 Thread 0x000073704406e1e0 4664       3       com.jogamp.opengl.math.VectorUtil::normalizeVec3 (72 bytes)
Event: 7.905 Thread 0x0000737020084b00 nmethod 4662 0x00007370cdf08190 code [0x00007370cdf08340, 0x00007370cdf08500]
Event: 7.905 Thread 0x00007370e416f3e0 nmethod 4663 0x00007370cdf08610 code [0x00007370cdf087e0, 0x00007370cdf08b70]
Event: 7.905 Thread 0x000073704406e1e0 nmethod 4664 0x00007370cdf08d90 code [0x00007370cdf08fa0, 0x00007370cdf09480]
Event: 7.906 Thread 0x000073702008dc90 nmethod 4651 0x00007370cdf09710 code [0x00007370cdf0a3c0, 0x00007370cdf10660]
Event: 7.940 Thread 0x00007370e416dea0 nmethod 4615 0x00007370d5418790 code [0x00007370d5418be0, 0x00007370d541d248]
Event: 7.973 Thread 0x00007370e416f3e0 4665       3       java.lang.invoke.MethodHandle::maybeCustomize (38 bytes)
Event: 7.973 Thread 0x000073702008dc90 4666       3       java.lang.invoke.Invokers::maybeCustomize (5 bytes)
Event: 7.973 Thread 0x00007370e416f3e0 nmethod 4665 0x00007370cdf13c90 code [0x00007370cdf13e60, 0x00007370cdf14340]
Event: 7.973 Thread 0x000073702008dc90 nmethod 4666 0x00007370cdf14490 code [0x00007370cdf14640, 0x00007370cdf147e0]
Event: 7.979 Thread 0x0000737020084b00 4667       3       java.util.logging.LogManager$LogNode::<init> (15 bytes)
Event: 7.979 Thread 0x00007370e416f3e0 4668       3       java.util.logging.LogManager::checkPermission (16 bytes)
Event: 7.979 Thread 0x0000737020084b00 nmethod 4667 0x00007370cdf14890 code [0x00007370cdf14a40, 0x00007370cdf14c70]
Event: 7.979 Thread 0x000073704406e1e0 4669       3       java.util.logging.Logger::updateEffectiveLevel (126 bytes)
Event: 7.979 Thread 0x00007370e416f3e0 nmethod 4668 0x00007370cdf14d10 code [0x00007370cdf14ee0, 0x00007370cdf151e0]
Event: 7.979 Thread 0x0000737020084b00 4670   !   3       java.util.logging.LogManager$LoggerContext::findLogger (113 bytes)
Event: 7.979 Thread 0x00007370e416f3e0 4671       1       javax.management.ObjectName$Property::setKeyIndex (6 bytes)
Event: 7.979 Thread 0x00007370e416f3e0 nmethod 4671 0x00007370d5420110 code [0x00007370d54202a0, 0x00007370d5420370]
Event: 7.979 Thread 0x000073704406e1e0 nmethod 4669 0x00007370cdf15310 code [0x00007370cdf15560, 0x00007370cdf16040]
Event: 7.980 Thread 0x0000737020084b00 nmethod 4670 0x00007370cdf16390 code [0x00007370cdf16640, 0x00007370cdf17580]

GC Heap History (20 events):
Event: 1.143 GC heap before
{Heap before GC invocations=4 (full 0):
 garbage-first heap   total 69632K, used 39580K [0x000000060c000000, 0x0000000800000000)
  region size 4096K, 10 young (40960K), 1 survivors (4096K)
 Metaspace       used 29181K, committed 29504K, reserved 1114112K
  class space    used 3092K, committed 3264K, reserved 1048576K
}
Event: 1.145 GC heap after
{Heap after GC invocations=5 (full 0):
 garbage-first heap   total 69632K, used 14716K [0x000000060c000000, 0x0000000800000000)
  region size 4096K, 2 young (8192K), 2 survivors (8192K)
 Metaspace       used 29181K, committed 29504K, reserved 1114112K
  class space    used 3092K, committed 3264K, reserved 1048576K
}
Event: 1.221 GC heap before
{Heap before GC invocations=5 (full 0):
 garbage-first heap   total 69632K, used 43388K [0x000000060c000000, 0x0000000800000000)
  region size 4096K, 8 young (32768K), 2 survivors (8192K)
 Metaspace       used 29409K, committed 29696K, reserved 1114112K
  class space    used 3118K, committed 3264K, reserved 1048576K
}
Event: 1.223 GC heap after
{Heap after GC invocations=6 (full 0):
 garbage-first heap   total 69632K, used 24270K [0x000000060c000000, 0x0000000800000000)
  region size 4096K, 1 young (4096K), 1 survivors (4096K)
 Metaspace       used 29409K, committed 29696K, reserved 1114112K
  class space    used 3118K, committed 3264K, reserved 1048576K
}
Event: 1.301 GC heap before
{Heap before GC invocations=6 (full 0):
 garbage-first heap   total 69632K, used 44750K [0x000000060c000000, 0x0000000800000000)
  region size 4096K, 6 young (24576K), 1 survivors (4096K)
 Metaspace       used 29413K, committed 29696K, reserved 1114112K
  class space    used 3118K, committed 3264K, reserved 1048576K
}
Event: 1.302 GC heap after
{Heap after GC invocations=7 (full 0):
 garbage-first heap   total 69632K, used 23895K [0x000000060c000000, 0x0000000800000000)
  region size 4096K, 1 young (4096K), 1 survivors (4096K)
 Metaspace       used 29413K, committed 29696K, reserved 1114112K
  class space    used 3118K, committed 3264K, reserved 1048576K
}
Event: 1.317 GC heap before
{Heap before GC invocations=7 (full 0):
 garbage-first heap   total 69632K, used 44375K [0x000000060c000000, 0x0000000800000000)
  region size 4096K, 6 young (24576K), 1 survivors (4096K)
 Metaspace       used 29413K, committed 29696K, reserved 1114112K
  class space    used 3118K, committed 3264K, reserved 1048576K
}
Event: 1.317 GC heap after
{Heap after GC invocations=8 (full 0):
 garbage-first heap   total 69632K, used 23768K [0x000000060c000000, 0x0000000800000000)
  region size 4096K, 1 young (4096K), 1 survivors (4096K)
 Metaspace       used 29413K, committed 29696K, reserved 1114112K
  class space    used 3118K, committed 3264K, reserved 1048576K
}
Event: 1.328 GC heap before
{Heap before GC invocations=8 (full 0):
 garbage-first heap   total 69632K, used 23768K [0x000000060c000000, 0x0000000800000000)
  region size 4096K, 2 young (8192K), 1 survivors (4096K)
 Metaspace       used 29413K, committed 29696K, reserved 1114112K
  class space    used 3118K, committed 3264K, reserved 1048576K
}
Event: 1.329 GC heap after
{Heap after GC invocations=9 (full 0):
 garbage-first heap   total 69632K, used 15556K [0x000000060c000000, 0x0000000800000000)
  region size 4096K, 1 young (4096K), 1 survivors (4096K)
 Metaspace       used 29413K, committed 29696K, reserved 1114112K
  class space    used 3118K, committed 3264K, reserved 1048576K
}
Event: 1.401 GC heap before
{Heap before GC invocations=9 (full 0):
 garbage-first heap   total 69632K, used 52420K [0x000000060c000000, 0x0000000800000000)
  region size 4096K, 8 young (32768K), 1 survivors (4096K)
 Metaspace       used 29413K, committed 29696K, reserved 1114112K
  class space    used 3118K, committed 3264K, reserved 1048576K
}
Event: 1.402 GC heap after
{Heap after GC invocations=10 (full 0):
 garbage-first heap   total 69632K, used 23672K [0x000000060c000000, 0x0000000800000000)
  region size 4096K, 1 young (4096K), 1 survivors (4096K)
 Metaspace       used 29413K, committed 29696K, reserved 1114112K
  class space    used 3118K, committed 3264K, reserved 1048576K
}
Event: 1.423 GC heap before
{Heap before GC invocations=10 (full 0):
 garbage-first heap   total 69632K, used 35960K [0x000000060c000000, 0x0000000800000000)
  region size 4096K, 5 young (20480K), 1 survivors (4096K)
 Metaspace       used 29513K, committed 29760K, reserved 1114112K
  class space    used 3130K, committed 3264K, reserved 1048576K
}
Event: 1.424 GC heap after
{Heap after GC invocations=11 (full 0):
 garbage-first heap   total 69632K, used 15541K [0x000000060c000000, 0x0000000800000000)
  region size 4096K, 1 young (4096K), 1 survivors (4096K)
 Metaspace       used 29513K, committed 29760K, reserved 1114112K
  class space    used 3130K, committed 3264K, reserved 1048576K
}
Event: 1.467 GC heap before
{Heap before GC invocations=11 (full 0):
 garbage-first heap   total 69632K, used 52405K [0x000000060c000000, 0x0000000800000000)
  region size 4096K, 9 young (36864K), 1 survivors (4096K)
 Metaspace       used 29519K, committed 29760K, reserved 1114112K
  class space    used 3130K, committed 3264K, reserved 1048576K
}
Event: 1.468 GC heap after
{Heap after GC invocations=12 (full 0):
 garbage-first heap   total 290816K, used 19627K [0x000000060c000000, 0x0000000800000000)
  region size 4096K, 1 young (4096K), 1 survivors (4096K)
 Metaspace       used 29519K, committed 29760K, reserved 1114112K
  class space    used 3130K, committed 3264K, reserved 1048576K
}
Event: 2.680 GC heap before
{Heap before GC invocations=12 (full 0):
 garbage-first heap   total 290816K, used 203947K [0x000000060c000000, 0x0000000800000000)
  region size 4096K, 42 young (172032K), 1 survivors (4096K)
 Metaspace       used 30710K, committed 31040K, reserved 1114112K
  class space    used 3221K, committed 3392K, reserved 1048576K
}
Event: 2.681 GC heap after
{Heap after GC invocations=13 (full 0):
 garbage-first heap   total 290816K, used 16929K [0x000000060c000000, 0x0000000800000000)
  region size 4096K, 1 young (4096K), 1 survivors (4096K)
 Metaspace       used 30710K, committed 31040K, reserved 1114112K
  class space    used 3221K, committed 3392K, reserved 1048576K
}
Event: 2.802 GC heap before
{Heap before GC invocations=13 (full 0):
 garbage-first heap   total 290816K, used 180769K [0x000000060c000000, 0x0000000800000000)
  region size 4096K, 42 young (172032K), 1 survivors (4096K)
 Metaspace       used 30837K, committed 31168K, reserved 1114112K
  class space    used 3223K, committed 3392K, reserved 1048576K
}
Event: 2.804 GC heap after
{Heap after GC invocations=14 (full 0):
 garbage-first heap   total 290816K, used 21089K [0x000000060c000000, 0x0000000800000000)
  region size 4096K, 2 young (8192K), 2 survivors (8192K)
 Metaspace       used 30837K, committed 31168K, reserved 1114112K
  class space    used 3223K, committed 3392K, reserved 1048576K
}

Deoptimization events (20 events):
Event: 4.693 Thread 0x00007370e46afa00 DEOPT PACKING pc=0x00007370d53ee230 sp=0x000073705dcfda30
Event: 4.693 Thread 0x00007370e46afa00 DEOPT UNPACKING pc=0x00007370d4ab1099 sp=0x000073705dcfd9e0 mode 2
Event: 4.836 Thread 0x00007370e46afa00 DEOPT PACKING pc=0x00007370cdd205d2 sp=0x000073705dcfdc70
Event: 4.836 Thread 0x00007370e46afa00 DEOPT UNPACKING pc=0x00007370d4ab182f sp=0x000073705dcfd160 mode 0
Event: 5.626 Thread 0x0000736f9d42f370 DEOPT PACKING pc=0x00007370cde08f42 sp=0x00007370b83fd650
Event: 5.626 Thread 0x0000736f9d42f370 DEOPT UNPACKING pc=0x00007370d4ab182f sp=0x00007370b83fcbc0 mode 0
Event: 6.306 Thread 0x00007370e46afa00 DEOPT PACKING pc=0x00007370cdc56b65 sp=0x000073705dcfd910
Event: 6.306 Thread 0x00007370e46afa00 DEOPT UNPACKING pc=0x00007370d4ab182f sp=0x000073705dcfce60 mode 0
Event: 6.322 Thread 0x00007370e46afa00 Uncommon trap: trap_request=0xffffff6e fr.pc=0x00007370d540a6ac relative=0x00000000000010ac
Event: 6.322 Thread 0x00007370e46afa00 Uncommon trap: reason=loop_limit_check action=maybe_recompile pc=0x00007370d540a6ac method=com.jogamp.common.util.IntIntHashMap.clone()Ljava/lang/Object; @ 105 c2
Event: 6.322 Thread 0x00007370e46afa00 DEOPT PACKING pc=0x00007370d540a6ac sp=0x000073705dcfdbb0
Event: 6.322 Thread 0x00007370e46afa00 DEOPT UNPACKING pc=0x00007370d4ab1099 sp=0x000073705dcfdb78 mode 2
Event: 6.402 Thread 0x00007370e46afa00 Uncommon trap: trap_request=0xffffff6e fr.pc=0x00007370d53fa3b0 relative=0x0000000000001230
Event: 6.402 Thread 0x00007370e46afa00 Uncommon trap: reason=loop_limit_check action=maybe_recompile pc=0x00007370d53fa3b0 method=com.jogamp.common.util.IntIntHashMap.clone()Ljava/lang/Object; @ 105 c2
Event: 6.402 Thread 0x00007370e46afa00 DEOPT PACKING pc=0x00007370d53fa3b0 sp=0x000073705dcfdba0
Event: 6.402 Thread 0x00007370e46afa00 DEOPT UNPACKING pc=0x00007370d4ab1099 sp=0x000073705dcfdb78 mode 2
Event: 7.973 Thread 0x0000736fe48c5510 Uncommon trap: trap_request=0xffffff45 fr.pc=0x00007370d52aedfc relative=0x000000000000005c
Event: 7.973 Thread 0x0000736fe48c5510 Uncommon trap: reason=unstable_if action=reinterpret pc=0x00007370d52aedfc method=java.nio.channels.spi.AbstractInterruptibleChannel.isOpen()Z @ 4 c2
Event: 7.973 Thread 0x0000736fe48c5510 DEOPT PACKING pc=0x00007370d52aedfc sp=0x0000736fc1add700
Event: 7.973 Thread 0x0000736fe48c5510 DEOPT UNPACKING pc=0x00007370d4ab1099 sp=0x0000736fc1add6b0 mode 2

Classes unloaded (0 events):
No events

Classes redefined (0 events):
No events

Internal exceptions (20 events):
Event: 0.538 Thread 0x00007370e46afa00 Exception <a 'sun/nio/fs/UnixException'{0x000000062a3a9f50}> (0x000000062a3a9f50) 
thrown [open/src/hotspot/share/prims/jni.cpp, line 516]
Event: 0.577 Thread 0x00007370e46afa00 Exception <a 'java/lang/IncompatibleClassChangeError'{0x000000062b093508}: Found class java.lang.Object, but interface was expected> (0x000000062b093508) 
thrown [open/src/hotspot/share/interpreter/linkResolver.cpp, line 826]
Event: 0.856 Thread 0x00007370e46afa00 Exception <a 'java/lang/NoSuchMethodError'{0x000000060f2ba1c8}: 'void java.lang.invoke.DirectMethodHandle$Holder.invokeStaticInit(java.lang.Object)'> (0x000000060f2ba1c8) 
thrown [open/src/hotspot/share/interpreter/linkResolver.cpp, line 758]
Event: 0.870 Thread 0x00007370e46afa00 Exception <a 'java/lang/reflect/InvocationTargetException'{0x000000060e985af8}> (0x000000060e985af8) 
thrown [open/src/hotspot/share/runtime/reflection.cpp, line 1119]
Event: 0.874 Thread 0x00007370e46afa00 Exception <a 'java/lang/reflect/InvocationTargetException'{0x000000060e995a60}> (0x000000060e995a60) 
thrown [open/src/hotspot/share/runtime/reflection.cpp, line 1119]
Event: 0.876 Thread 0x00007370e46afa00 Exception <a 'java/lang/reflect/InvocationTargetException'{0x000000060e9ae708}> (0x000000060e9ae708) 
thrown [open/src/hotspot/share/runtime/reflection.cpp, line 1119]
Event: 0.876 Thread 0x00007370e46afa00 Exception <a 'java/lang/reflect/InvocationTargetException'{0x000000060e9be6c8}> (0x000000060e9be6c8) 
thrown [open/src/hotspot/share/runtime/reflection.cpp, line 1119]
Event: 0.888 Thread 0x00007370e46afa00 Exception <a 'java/lang/reflect/InvocationTargetException'{0x000000060eb6bbd0}> (0x000000060eb6bbd0) 
thrown [open/src/hotspot/share/runtime/reflection.cpp, line 1119]
Event: 0.888 Thread 0x00007370e46afa00 Exception <a 'java/lang/reflect/InvocationTargetException'{0x000000060eb6c9c0}> (0x000000060eb6c9c0) 
thrown [open/src/hotspot/share/runtime/reflection.cpp, line 1119]
Event: 0.911 Thread 0x00007370e46afa00 Exception <a 'java/lang/reflect/InvocationTargetException'{0x000000060e4e4f48}> (0x000000060e4e4f48) 
thrown [open/src/hotspot/share/runtime/reflection.cpp, line 1119]
Event: 1.669 Thread 0x00007370e46afa00 Exception <a 'java/lang/reflect/InvocationTargetException'{0x0000000614cff500}> (0x0000000614cff500) 
thrown [open/src/hotspot/share/runtime/reflection.cpp, line 1119]
Event: 1.674 Thread 0x00007370e46afa00 Exception <a 'java/lang/reflect/InvocationTargetException'{0x0000000614d0f090}> (0x0000000614d0f090) 
thrown [open/src/hotspot/share/runtime/reflection.cpp, line 1119]
Event: 1.676 Thread 0x00007370e46afa00 Exception <a 'java/lang/reflect/InvocationTargetException'{0x0000000614d13688}> (0x0000000614d13688) 
thrown [open/src/hotspot/share/runtime/reflection.cpp, line 1119]
Event: 1.708 Thread 0x00007370e46afa00 Exception <a 'java/lang/reflect/InvocationTargetException'{0x0000000614d14758}> (0x0000000614d14758) 
thrown [open/src/hotspot/share/runtime/reflection.cpp, line 1119]
Event: 1.710 Thread 0x00007370e46afa00 Exception <a 'java/lang/reflect/InvocationTargetException'{0x0000000614d18d68}> (0x0000000614d18d68) 
thrown [open/src/hotspot/share/runtime/reflection.cpp, line 1119]
Event: 1.710 Thread 0x00007370e46afa00 Exception <a 'java/lang/reflect/InvocationTargetException'{0x0000000614d194f8}> (0x0000000614d194f8) 
thrown [open/src/hotspot/share/runtime/reflection.cpp, line 1119]
Event: 1.711 Thread 0x00007370e46afa00 Exception <a 'java/lang/reflect/InvocationTargetException'{0x0000000614d1dac8}> (0x0000000614d1dac8) 
thrown [open/src/hotspot/share/runtime/reflection.cpp, line 1119]
Event: 1.726 Thread 0x00007370e46afa00 Exception <a 'java/lang/reflect/InvocationTargetException'{0x0000000614d1e428}> (0x0000000614d1e428) 
thrown [open/src/hotspot/share/runtime/reflection.cpp, line 1119]
Event: 1.729 Thread 0x00007370e46afa00 Exception <a 'java/lang/reflect/InvocationTargetException'{0x0000000614d24fe8}> (0x0000000614d24fe8) 
thrown [open/src/hotspot/share/runtime/reflection.cpp, line 1119]
Event: 2.072 Thread 0x000073702092e700 Exception <a 'java/lang/NoSuchMethodError'{0x0000000614b4f8d8}: 'java.lang.Object java.lang.invoke.DirectMethodHandle$Holder.invokeSpecial(java.lang.Object, java.lang.Object, java.lang.Object, int, java.lang.Object)'> (0x0000000614b4f8d8) 
thrown [open/src/hotspot/share/interpreter/linkResolver.cpp, line 758]

VM Operations (20 events):
Event: 1.468 Executing VM operation: G1CollectForAllocation done
Event: 2.468 Executing VM operation: Cleanup
Event: 2.468 Executing VM operation: Cleanup done
Event: 2.680 Executing VM operation: G1CollectForAllocation
Event: 2.681 Executing VM operation: G1CollectForAllocation done
Event: 2.751 Executing VM operation: HandshakeAllThreads
Event: 2.752 Executing VM operation: HandshakeAllThreads done
Event: 2.802 Executing VM operation: G1CollectForAllocation
Event: 2.804 Executing VM operation: G1CollectForAllocation done
Event: 3.804 Executing VM operation: Cleanup
Event: 3.804 Executing VM operation: Cleanup done
Event: 4.804 Executing VM operation: Cleanup
Event: 4.804 Executing VM operation: Cleanup done
Event: 5.804 Executing VM operation: Cleanup
Event: 5.804 Executing VM operation: Cleanup done
Event: 6.804 Executing VM operation: Cleanup
Event: 6.804 Executing VM operation: Cleanup done
Event: 7.805 Executing VM operation: Cleanup
Event: 7.805 Executing VM operation: Cleanup done
Event: 7.984 Executing VM operation: Exit

Events (20 events):
Event: 7.979 Thread 0x0000736f9d42f370 Thread added: 0x0000736f9d42f370
Event: 7.979 Protecting memory [0x00007370b82ff000,0x00007370b8303000] with protection modes 0
Event: 7.979 loading class sun/awt/X11/XSystemTrayPeer
Event: 7.979 Thread 0x0000736fe49ce9b0 Thread added: 0x0000736fe49ce9b0
Event: 7.979 Protecting memory [0x000073705d80e000,0x000073705d812000] with protection modes 0
Event: 7.979 Thread 0x0000736fe49a58c0 Thread added: 0x0000736fe49a58c0
Event: 7.979 Protecting memory [0x0000736fa26ff000,0x0000736fa2703000] with protection modes 0
Event: 7.979 Thread 0x0000736f9e0ab230 Thread added: 0x0000736f9e0ab230
Event: 7.979 Protecting memory [0x0000736fa29ff000,0x0000736fa2a03000] with protection modes 0
Event: 7.979 Thread 0x0000736fe48f8dc0 Thread added: 0x0000736fe48f8dc0
Event: 7.979 Protecting memory [0x0000736fa1dff000,0x0000736fa1e03000] with protection modes 0
Event: 7.979 loading class sun/awt/X11/XSystemTrayPeer done
Event: 7.979 Thread 0x0000736fe49a58c0 Thread exited: 0x0000736fe49a58c0
Event: 7.979 Thread 0x0000736f9e0ab230 Thread exited: 0x0000736f9e0ab230
Event: 7.979 Thread 0x0000736fe48f8dc0 Thread exited: 0x0000736fe48f8dc0
Event: 7.979 Thread 0x0000736fe498ac80 Thread exited: 0x0000736fe498ac80
Event: 7.980 Thread 0x0000736fe49ce9b0 Thread exited: 0x0000736fe49ce9b0
Event: 7.981 Thread 0x0000736fe411ed70 Thread exited: 0x0000736fe411ed70
Event: 7.984 Thread 0x0000736fe40d9e00 Thread exited: 0x0000736fe40d9e00
Event: 7.984 Thread 0x0000736f9d42f370 Thread exited: 0x0000736f9d42f370


Dynamic libraries:
60c000000-61cc00000 rw-p 00000000 00:00 0 
61cc00000-62ac00000 ---p 00000000 00:00 0 
62ac00000-62b400000 rw-p 00000000 00:00 0 
62b400000-7ff800000 ---p 00000000 00:00 0 
7ff800000-7ffb00000 rw-p 00000000 00:00 0 
7ffb00000-7ffb77000 rw-p 00cab000 103:05 4195867                         /usr/lib/jvm/jdk-17-oracle-x64/lib/server/classes.jsa
7ffb77000-7ffc00000 rw-p 00000000 00:00 0 
7ffc00000-7ffc84000 rw-p 00c27000 103:05 4195867                         /usr/lib/jvm/jdk-17-oracle-x64/lib/server/classes.jsa
7ffc84000-800000000 rw-p 00000000 00:00 0 
62afc75cd000-62afc75ce000 r-xp 00000000 103:05 4195371                   /usr/lib/jvm/jdk-17-oracle-x64/bin/java
62afc75cf000-62afc75d0000 r--p 00001000 103:05 4195371                   /usr/lib/jvm/jdk-17-oracle-x64/bin/java
62afc75d0000-62afc75d1000 rw-p 00002000 103:05 4195371                   /usr/lib/jvm/jdk-17-oracle-x64/bin/java
62afc9207000-62afc9228000 rw-p 00000000 00:00 0                          [heap]
736f4c000000-736f4c032000 rw-p 00000000 00:00 0 
736f4c032000-736f50000000 ---p 00000000 00:00 0 
736f54000000-736f54034000 rw-p 00000000 00:00 0 
736f54034000-736f58000000 ---p 00000000 00:00 0 
736f58000000-736f58030000 rw-p 00000000 00:00 0 
736f58030000-736f5c000000 ---p 00000000 00:00 0 
736f5c000000-736f5c032000 rw-p 00000000 00:00 0 
736f5c032000-736f60000000 ---p 00000000 00:00 0 
736f60000000-736f6002d000 rw-p 00000000 00:00 0 
736f6002d000-736f64000000 ---p 00000000 00:00 0 
736f64000000-736f64032000 rw-p 00000000 00:00 0 
736f64032000-736f68000000 ---p 00000000 00:00 0 
736f68000000-736f68023000 rw-p 00000000 00:00 0 
736f68023000-736f6c000000 ---p 00000000 00:00 0 
736f6c000000-736f6c02d000 rw-p 00000000 00:00 0 
736f6c02d000-736f70000000 ---p 00000000 00:00 0 
736f70000000-736f70021000 rw-p 00000000 00:00 0 
736f70021000-736f74000000 ---p 00000000 00:00 0 
736f74000000-736f74030000 rw-p 00000000 00:00 0 
736f74030000-736f78000000 ---p 00000000 00:00 0 
736f78000000-736f78032000 rw-p 00000000 00:00 0 
736f78032000-736f7c000000 ---p 00000000 00:00 0 
736f7c000000-736f7c031000 rw-p 00000000 00:00 0 
736f7c031000-736f80000000 ---p 00000000 00:00 0 
736f80000000-736f80585000 rw-p 00000000 00:00 0 
736f80585000-736f84000000 ---p 00000000 00:00 0 
736f84000000-736f8402a000 rw-p 00000000 00:00 0 
736f8402a000-736f88000000 ---p 00000000 00:00 0 
736f88000000-736f88032000 rw-p 00000000 00:00 0 
736f88032000-736f8c000000 ---p 00000000 00:00 0 
736f8c000000-736f8c021000 rw-p 00000000 00:00 0 
736f8c021000-736f90000000 ---p 00000000 00:00 0 
736f90000000-736f90021000 rw-p 00000000 00:00 0 
736f90021000-736f94000000 ---p 00000000 00:00 0 
736f98000000-736f98021000 rw-p 00000000 00:00 0 
736f98021000-736f9c000000 ---p 00000000 00:00 0 
736f9c000000-736f9ff4f000 rw-p 00000000 00:00 0 
736f9ff4f000-736fa0000000 ---p 00000000 00:00 0 
736fa1bff000-736fa1c03000 ---p 00000000 00:00 0 
736fa1c03000-736fa1cff000 rw-p 00000000 00:00 0 
736fa1cff000-736fa1d03000 ---p 00000000 00:00 0 
736fa1d03000-736fa1dff000 rw-p 00000000 00:00 0 
736fa1dff000-736fa1e03000 ---p 00000000 00:00 0 
736fa1e03000-736fa1eff000 rw-p 00000000 00:00 0 
736fa1eff000-736fa1f03000 ---p 00000000 00:00 0 
736fa1f03000-736fa1fff000 rw-p 00000000 00:00 0 
736fa1fff000-736fa2003000 ---p 00000000 00:00 0 
736fa2003000-736fa20ff000 rw-p 00000000 00:00 0 
736fa20ff000-736fa2103000 ---p 00000000 00:00 0 
736fa2103000-736fa21ff000 rw-p 00000000 00:00 0 
736fa21ff000-736fa2203000 ---p 00000000 00:00 0 
736fa2203000-736fa22ff000 rw-p 00000000 00:00 0 
736fa22ff000-736fa2303000 ---p 00000000 00:00 0 
736fa2303000-736fa23ff000 rw-p 00000000 00:00 0 
736fa23ff000-736fa2403000 ---p 00000000 00:00 0 
736fa2403000-736fa24ff000 rw-p 00000000 00:00 0 
736fa24ff000-736fa2503000 ---p 00000000 00:00 0 
736fa2503000-736fa25ff000 rw-p 00000000 00:00 0 
736fa25ff000-736fa2603000 ---p 00000000 00:00 0 
736fa2603000-736fa26ff000 rw-p 00000000 00:00 0 
736fa26ff000-736fa2703000 ---p 00000000 00:00 0 
736fa2703000-736fa27ff000 rw-p 00000000 00:00 0 
736fa27ff000-736fa2803000 ---p 00000000 00:00 0 
736fa2803000-736fa28ff000 rw-p 00000000 00:00 0 
736fa28ff000-736fa2903000 ---p 00000000 00:00 0 
736fa2903000-736fa29ff000 rw-p 00000000 00:00 0 
736fa29ff000-736fa2a03000 ---p 00000000 00:00 0 
736fa2a03000-736fa2aff000 rw-p 00000000 00:00 0 
736fa2aff000-736fa2b03000 ---p 00000000 00:00 0 
736fa2b03000-736fa2bff000 rw-p 00000000 00:00 0 
736fa4000000-736fa4021000 rw-p 00000000 00:00 0 
736fa4021000-736fa8000000 ---p 00000000 00:00 0 
736fa8000000-736fa8817000 rw-p 00000000 00:00 0 
736fa8817000-736fac000000 ---p 00000000 00:00 0 
736fac000000-736fac021000 rw-p 00000000 00:00 0 
736fac021000-736fb0000000 ---p 00000000 00:00 0 
736fb0000000-736fb0028000 rw-p 00000000 00:00 0 
736fb0028000-736fb4000000 ---p 00000000 00:00 0 
736fb4000000-736fb412f000 rw-p 00000000 00:00 0 
736fb412f000-736fb8000000 ---p 00000000 00:00 0 
736fb80fd000-736fb8101000 ---p 00000000 00:00 0 
736fb8101000-736fb81fd000 rw-p 00000000 00:00 0 
736fb9200000-736fb94d8000 r-xp 00000000 103:05 3541275                   /usr/lib/x86_64-linux-gnu/libnvidia-glcore.so.535.183.01
736fb94d8000-736fb94f9000 rwxp 002d8000 103:05 3541275                   /usr/lib/x86_64-linux-gnu/libnvidia-glcore.so.535.183.01
736fb94f9000-736fbbb97000 r-xp 002f9000 103:05 3541275                   /usr/lib/x86_64-linux-gnu/libnvidia-glcore.so.535.183.01
736fbbb97000-736fbbb98000 ---p 02997000 103:05 3541275                   /usr/lib/x86_64-linux-gnu/libnvidia-glcore.so.535.183.01
736fbbb98000-736fbbd6b000 r--p 02997000 103:05 3541275                   /usr/lib/x86_64-linux-gnu/libnvidia-glcore.so.535.183.01
736fbbd6b000-736fbbdd4000 rw-p 02b6a000 103:05 3541275                   /usr/lib/x86_64-linux-gnu/libnvidia-glcore.so.535.183.01
736fbbdd4000-736fbbe11000 rw-p 00000000 00:00 0 
736fbbf00000-736fbbf04000 ---p 00000000 00:00 0 
736fbbf04000-736fbc000000 rw-p 00000000 00:00 0 
736fbc000000-736fbc6c4000 rw-p 00000000 00:00 0 
736fbc6c4000-736fc0000000 ---p 00000000 00:00 0 
736fc1575000-736fc1579000 ---p 00000000 00:00 0 
736fc1579000-736fc1675000 rw-p 00000000 00:00 0 
736fc1675000-736fc1676000 ---p 00000000 00:00 0 
736fc1676000-736fc1776000 rw-p 00000000 00:00 0 
736fc1776000-736fc177b000 r--s 00000000 103:05 1130216                   /var/cache/fontconfig/c0eb7f3c-bb4b-44a7-a442-377e94396330-le64.cache-7
736fc177b000-736fc177f000 r--s 00000000 103:05 1130215                   /var/cache/fontconfig/b691a87f-7f1c-4c85-9d10-5fa6fe88fec3-le64.cache-7
736fc177f000-736fc1786000 r--s 00000000 103:05 1130214                   /var/cache/fontconfig/19e642ee-4f4a-4341-b19e-24466d99f991-le64.cache-7
736fc1786000-736fc1791000 r--s 00000000 103:05 1049000                   /var/cache/fontconfig/fb06febb-207b-4f4e-a9ca-ff582d8ab769-le64.cache-7
736fc1791000-736fc1795000 r--s 00000000 103:05 1130213                   /var/cache/fon